[2023-04-19 00:39:48Z INFO HostContext] No proxy settings were found based on environmental variables (http_proxy/https_proxy/HTTP_PROXY/HTTPS_PROXY)
[2023-04-19 00:39:48Z INFO HostContext] Well known directory 'Bin': 'D:\Blog\blog\actions-runner\bin'
[2023-04-19 00:39:48Z INFO HostContext] Well known directory 'Root': 'D:\Blog\blog\actions-runner'
[2023-04-19 00:39:48Z INFO HostContext] Well known config file 'Credentials': 'D:\Blog\blog\actions-runner\.credentials'
[2023-04-19 00:39:49Z INFO HostContext] Well known directory 'Bin': 'D:\Blog\blog\actions-runner\bin'
[2023-04-19 00:39:49Z INFO HostContext] Well known directory 'Root': 'D:\Blog\blog\actions-runner'
[2023-04-19 00:39:49Z INFO HostContext] Well known config file 'Runner': 'D:\Blog\blog\actions-runner\.runner'
[2023-04-19 00:39:49Z INFO Listener] Runner is built for Windows (X64) - win-x64.
[2023-04-19 00:39:49Z INFO Listener] RuntimeInformation: Microsoft Windows 10.0.22621.
[2023-04-19 00:39:49Z INFO Listener] Version: 2.303.0
[2023-04-19 00:39:49Z INFO Listener] Commit: e676c7871817c1b484299cd93fabdf4b95e70741
[2023-04-19 00:39:49Z INFO Listener] Culture: zh-CN
[2023-04-19 00:39:49Z INFO Listener] UI Culture: zh-CN
[2023-04-19 00:39:49Z INFO HostContext] Well known directory 'Bin': 'D:\Blog\blog\actions-runner\bin'
[2023-04-19 00:39:49Z INFO HostContext] Well known directory 'Root': 'D:\Blog\blog\actions-runner'
[2023-04-19 00:39:49Z INFO Listener] Validating directory permissions for: 'D:\Blog\blog\actions-runner'
[2023-04-19 00:39:49Z INFO CommandLineParser] Parse
[2023-04-19 00:39:49Z INFO CommandLineParser] Parsing 3 args
[2023-04-19 00:39:49Z INFO CommandLineParser] parsing argument
[2023-04-19 00:39:49Z INFO CommandLineParser] HasArgs: False
[2023-04-19 00:39:49Z INFO CommandLineParser] Adding Command: run
[2023-04-19 00:39:49Z INFO CommandLineParser] parsing argument
[2023-04-19 00:39:49Z INFO CommandLineParser] HasArgs: True
[2023-04-19 00:39:49Z INFO CommandLineParser] arg: startuptype
[2023-04-19 00:39:49Z INFO CommandLineParser] parsing argument
[2023-04-19 00:39:49Z INFO CommandLineParser] HasArgs: True
[2023-04-19 00:39:49Z INFO CommandLineParser] Adding option 'startuptype': 'service'
[2023-04-19 00:39:49Z INFO Listener] Arguments parsed
[2023-04-19 00:39:49Z INFO Runner] ExecuteCommand
[2023-04-19 00:39:49Z INFO ConfigurationStore] currentAssemblyLocation: D:\Blog\blog\actions-runner\bin\Runner.Listener.dll
[2023-04-19 00:39:49Z INFO HostContext] Well known directory 'Bin': 'D:\Blog\blog\actions-runner\bin'
[2023-04-19 00:39:49Z INFO ConfigurationStore] binPath: D:\Blog\blog\actions-runner\bin
[2023-04-19 00:39:49Z INFO HostContext] Well known directory 'Bin': 'D:\Blog\blog\actions-runner\bin'
[2023-04-19 00:39:49Z INFO HostContext] Well known directory 'Root': 'D:\Blog\blog\actions-runner'
[2023-04-19 00:39:49Z INFO ConfigurationStore] RootFolder: D:\Blog\blog\actions-runner
[2023-04-19 00:39:49Z INFO HostContext] Well known directory 'Bin': 'D:\Blog\blog\actions-runner\bin'
[2023-04-19 00:39:49Z INFO HostContext] Well known directory 'Root': 'D:\Blog\blog\actions-runner'
[2023-04-19 00:39:49Z INFO HostContext] Well known config file 'Runner': 'D:\Blog\blog\actions-runner\.runner'
[2023-04-19 00:39:49Z INFO ConfigurationStore] ConfigFilePath: D:\Blog\blog\actions-runner\.runner
[2023-04-19 00:39:49Z INFO HostContext] Well known directory 'Bin': 'D:\Blog\blog\actions-runner\bin'
[2023-04-19 00:39:49Z INFO HostContext] Well known directory 'Root': 'D:\Blog\blog\actions-runner'
[2023-04-19 00:39:49Z INFO HostContext] Well known config file 'Credentials': 'D:\Blog\blog\actions-runner\.credentials'
[2023-04-19 00:39:49Z INFO ConfigurationStore] CredFilePath: D:\Blog\blog\actions-runner\.credentials
[2023-04-19 00:39:49Z INFO HostContext] Well known directory 'Bin': 'D:\Blog\blog\actions-runner\bin'
[2023-04-19 00:39:49Z INFO HostContext] Well known directory 'Root': 'D:\Blog\blog\actions-runner'
[2023-04-19 00:39:49Z INFO HostContext] Well known config file 'MigratedCredentials': 'D:\Blog\blog\actions-runner\.credentials_migrated'
[2023-04-19 00:39:49Z INFO ConfigurationStore] MigratedCredFilePath: D:\Blog\blog\actions-runner\.credentials_migrated
[2023-04-19 00:39:49Z INFO HostContext] Well known directory 'Bin': 'D:\Blog\blog\actions-runner\bin'
[2023-04-19 00:39:49Z INFO HostContext] Well known directory 'Root': 'D:\Blog\blog\actions-runner'
[2023-04-19 00:39:49Z INFO HostContext] Well known config file 'Service': 'D:\Blog\blog\actions-runner\.service'
[2023-04-19 00:39:49Z INFO ConfigurationStore] ServiceConfigFilePath: D:\Blog\blog\actions-runner\.service
[2023-04-19 00:39:49Z INFO CommandSettings] Flag 'help': 'False'
[2023-04-19 00:39:49Z INFO CommandSettings] Flag 'version': 'False'
[2023-04-19 00:39:49Z INFO CommandSettings] Flag 'commit': 'False'
[2023-04-19 00:39:49Z INFO CommandSettings] Flag 'check': 'False'
[2023-04-19 00:39:49Z INFO CommandSettings] Command 'configure': 'False'
[2023-04-19 00:39:49Z INFO CommandSettings] Command 'remove': 'False'
[2023-04-19 00:39:49Z INFO CommandSettings] Command 'warmup': 'False'
[2023-04-19 00:39:49Z INFO ConfigurationManager] LoadSettings
[2023-04-19 00:39:49Z INFO ConfigurationStore] IsConfigured()
[2023-04-19 00:39:49Z INFO ConfigurationStore] IsConfigured: True
[2023-04-19 00:39:49Z INFO ConfigurationManager] Is configured: True
[2023-04-19 00:39:49Z INFO ConfigurationStore] Read setting file: 299 chars
[2023-04-19 00:39:49Z INFO ConfigurationManager] Settings Loaded
[2023-04-19 00:39:49Z INFO ConfigurationStore] IsServiceConfigured()
[2023-04-19 00:39:49Z INFO ConfigurationStore] IsServiceConfigured: True
[2023-04-19 00:39:49Z INFO CommandSettings] Command 'run': 'True'
[2023-04-19 00:39:49Z INFO ConfigurationStore] IsConfigured()
[2023-04-19 00:39:49Z INFO ConfigurationStore] IsConfigured: True
[2023-04-19 00:39:49Z INFO ConfigurationManager] Is configured: True
[2023-04-19 00:39:49Z INFO Runner] Set runner startup type - Service
[2023-04-19 00:39:49Z INFO CommandSettings] Flag 'once': 'False'
[2023-04-19 00:39:49Z INFO CommandSettings] Flag 'once': 'False'
[2023-04-19 00:39:49Z INFO Runner] RunAsync
[2023-04-19 00:39:49Z INFO ConfigurationManager] LoadSettings
[2023-04-19 00:39:49Z INFO ConfigurationStore] IsConfigured()
[2023-04-19 00:39:49Z INFO ConfigurationStore] IsConfigured: True
[2023-04-19 00:39:49Z INFO ConfigurationManager] Is configured: True
[2023-04-19 00:39:49Z INFO ConfigurationManager] Settings Loaded
[2023-04-19 00:39:49Z INFO MessageListener] {
  "AgentId": 24,
  "AgentName": "BanDao",
  "PoolId": 1,
  "PoolName": "Default",
  "ServerUrl": "https://pipelines.actions.githubusercontent.com/vbd6EKQARMINAVUS7ckItTttXQj8tyGcNsCx4pAfhScPJ0nv7r",
  "GitHubUrl": "https://github.com/BanDaobd/BanDaobd.github.io",
  "WorkFolder": "_work"
}
[2023-04-19 00:39:49Z INFO MessageListener] Loading Credentials
[2023-04-19 00:39:49Z INFO ConfigurationStore] HasCredentials()
[2023-04-19 00:39:49Z INFO ConfigurationStore] stored True
[2023-04-19 00:39:49Z INFO CredentialManager] GetCredentialProvider
[2023-04-19 00:39:49Z INFO CredentialManager] Creating type OAuth
[2023-04-19 00:39:49Z INFO CredentialManager] Creating credential type: OAuth
[2023-04-19 00:39:49Z INFO HostContext] Well known directory 'Bin': 'D:\Blog\blog\actions-runner\bin'
[2023-04-19 00:39:49Z INFO HostContext] Well known directory 'Root': 'D:\Blog\blog\actions-runner'
[2023-04-19 00:39:49Z INFO HostContext] Well known config file 'RSACredentials': 'D:\Blog\blog\actions-runner\.credentials_rsaparams'
[2023-04-19 00:39:49Z INFO RSAEncryptedFileKeyManager] Loading RSA key parameters from file D:\Blog\blog\actions-runner\.credentials_rsaparams
[2023-04-19 00:39:49Z INFO MessageListener] Attempt to create session.
[2023-04-19 00:39:49Z INFO MessageListener] Connecting to the Runner Server...
[2023-04-19 00:39:49Z INFO RunnerServer] EstablishVssConnection
[2023-04-19 00:39:49Z INFO RunnerServer] Establish connection with 100 seconds timeout.
[2023-04-19 00:39:49Z INFO GitHubActionsService] Starting operation Location.GetConnectionData
[2023-04-19 00:39:49Z INFO RunnerServer] EstablishVssConnection
[2023-04-19 00:39:49Z INFO RunnerServer] Establish connection with 60 seconds timeout.
[2023-04-19 00:39:49Z INFO GitHubActionsService] Starting operation Location.GetConnectionData
[2023-04-19 00:39:49Z INFO RunnerServer] EstablishVssConnection
[2023-04-19 00:39:49Z INFO RunnerServer] Establish connection with 60 seconds timeout.
[2023-04-19 00:39:49Z INFO GitHubActionsService] Starting operation Location.GetConnectionData
[2023-04-19 00:39:50Z INFO GitHubActionsService] Finished operation Location.GetConnectionData
[2023-04-19 00:39:50Z INFO GitHubActionsService] Finished operation Location.GetConnectionData
[2023-04-19 00:39:50Z INFO GitHubActionsService] Finished operation Location.GetConnectionData
[2023-04-19 00:39:50Z INFO MessageListener] VssConnection created
[2023-04-19 00:39:50Z INFO Terminal] WRITE LINE: 
[2023-04-19 00:39:50Z INFO Terminal] WRITE LINE: 
[2023-04-19 00:39:51Z INFO RSAEncryptedFileKeyManager] Loading RSA key parameters from file D:\Blog\blog\actions-runner\.credentials_rsaparams
[2023-04-19 00:39:51Z INFO RSAEncryptedFileKeyManager] Loading RSA key parameters from file D:\Blog\blog\actions-runner\.credentials_rsaparams
[2023-04-19 00:39:52Z INFO GitHubActionsService] AAD Correlation ID for this token request: Unknown
[2023-04-19 00:39:52Z INFO MessageListener] Session created.
[2023-04-19 00:39:52Z INFO Terminal] WRITE LINE: Current runner version: '2.303.0'
[2023-04-19 00:39:52Z INFO Terminal] WRITE LINE: 2023-04-19 00:39:52Z: Listening for Jobs
[2023-04-19 00:39:52Z INFO JobDispatcher] Set runner/worker IPC timeout to 30 seconds.
[2023-04-19 01:10:03Z INFO MessageListener] No message retrieved from session '516af7ee-1b5e-4384-8705-7c7e54ea37ba' within last 30 minutes.
[2023-04-19 01:35:13Z INFO RSAEncryptedFileKeyManager] Loading RSA key parameters from file D:\Blog\blog\actions-runner\.credentials_rsaparams
[2023-04-19 01:35:14Z INFO GitHubActionsService] AAD Correlation ID for this token request: Unknown
[2023-04-19 01:40:16Z INFO MessageListener] No message retrieved from session '516af7ee-1b5e-4384-8705-7c7e54ea37ba' within last 30 minutes.
[2023-04-19 02:10:28Z INFO MessageListener] No message retrieved from session '516af7ee-1b5e-4384-8705-7c7e54ea37ba' within last 30 minutes.
[2023-04-19 02:30:37Z INFO RSAEncryptedFileKeyManager] Loading RSA key parameters from file D:\Blog\blog\actions-runner\.credentials_rsaparams
[2023-04-19 02:30:37Z INFO GitHubActionsService] AAD Correlation ID for this token request: Unknown
[2023-04-19 02:40:41Z INFO MessageListener] No message retrieved from session '516af7ee-1b5e-4384-8705-7c7e54ea37ba' within last 30 minutes.
[2023-04-19 04:29:31Z WARN GitHubActionsService] GET request to https://pipelines.actions.githubusercontent.com/vbd6EKQARMINAVUS7ckItTttXQj8tyGcNsCx4pAfhScPJ0nv7r/_apis/distributedtask/pools/1/messages?sessionId=516af7ee-1b5e-4384-8705-7c7e54ea37ba&status=Online&runnerVersion=2.303.0 timed out after 60 seconds.
[2023-04-19 04:29:31Z ERR  MessageListener] Catch exception during get next message.
[2023-04-19 04:29:32Z ERR  MessageListener] System.TimeoutException: The HTTP request timed out after 00:01:00.
 ---> System.Threading.Tasks.TaskCanceledException: The operation was canceled.
 ---> System.IO.IOException: Unable to read data from the transport connection: 由于线程退出或应用程序请求，已中止 I/O 操作。.
 ---> System.Net.Sockets.SocketException (995): 由于线程退出或应用程序请求，已中止 I/O 操作。
   --- End of inner exception stack trace ---
   at System.Net.Sockets.Socket.AwaitableSocketAsyncEventArgs.ThrowException(SocketError error, CancellationToken cancellationToken)
   at System.Net.Sockets.Socket.AwaitableSocketAsyncEventArgs.System.Threading.Tasks.Sources.IValueTaskSource<System.Int32>.GetResult(Int16 token)
   at System.Net.Security.SslStream.EnsureFullTlsFrameAsync[TIOAdapter](TIOAdapter adapter)
   at System.Net.Security.SslStream.ReadAsyncInternal[TIOAdapter](TIOAdapter adapter, Memory`1 buffer)
   at System.Net.Http.HttpConnection.SendAsyncCore(HttpRequestMessage request, Boolean async, CancellationToken cancellationToken)
   --- End of inner exception stack trace ---
   at System.Net.Http.HttpConnection.SendAsyncCore(HttpRequestMessage request, Boolean async, CancellationToken cancellationToken)
   at System.Net.Http.AuthenticationHelper.SendWithNtAuthAsync(HttpRequestMessage request, Uri authUri, Boolean async, ICredentials credentials, Boolean isProxyAuth, HttpConnection connection, HttpConnectionPool connectionPool, CancellationToken cancellationToken)
   at System.Net.Http.HttpConnectionPool.SendWithVersionDetectionAndRetryAsync(HttpRequestMessage request, Boolean async, Boolean doRequestAuth, CancellationToken cancellationToken)
   at System.Net.Http.AuthenticationHelper.SendWithAuthAsync(HttpRequestMessage request, Uri authUri, Boolean async, ICredentials credentials, Boolean preAuthenticate, Boolean isProxyAuth, Boolean doRequestAuth, HttpConnectionPool pool, CancellationToken cancellationToken)
   at System.Net.Http.DecompressionHandler.SendAsync(HttpRequestMessage request, Boolean async, CancellationToken cancellationToken)
   at GitHub.Services.Common.VssHttpMessageHandler.SendAsync(HttpRequestMessage request, CancellationToken cancellationToken)
   --- End of inner exception stack trace ---
   at GitHub.Services.Common.VssHttpMessageHandler.SendAsync(HttpRequestMessage request, CancellationToken cancellationToken)
   at GitHub.Services.Common.VssHttpRetryMessageHandler.SendAsync(HttpRequestMessage request, CancellationToken cancellationToken)
   at System.Net.Http.HttpClient.<SendAsync>g__Core|83_0(HttpRequestMessage request, HttpCompletionOption completionOption, CancellationTokenSource cts, Boolean disposeCts, CancellationTokenSource pendingRequestsCts, CancellationToken originalCancellationToken)
   at GitHub.Services.WebApi.VssHttpClientBase.SendAsync(HttpRequestMessage message, HttpCompletionOption completionOption, Object userState, CancellationToken cancellationToken)
   at GitHub.Services.WebApi.VssHttpClientBase.SendAsync[T](HttpRequestMessage message, Object userState, CancellationToken cancellationToken)
   at GitHub.Services.WebApi.VssHttpClientBase.SendAsync[T](HttpMethod method, IEnumerable`1 additionalHeaders, Guid locationId, Object routeValues, ApiResourceVersion version, HttpContent content, IEnumerable`1 queryParameters, Object userState, CancellationToken cancellationToken)
   at GitHub.Runner.Listener.MessageListener.GetNextMessageAsync(CancellationToken token)
[2023-04-19 04:29:32Z ERR  MessageListener] #####################################################
[2023-04-19 04:29:32Z ERR  MessageListener] System.Threading.Tasks.TaskCanceledException: The operation was canceled.
 ---> System.IO.IOException: Unable to read data from the transport connection: 由于线程退出或应用程序请求，已中止 I/O 操作。.
 ---> System.Net.Sockets.SocketException (995): 由于线程退出或应用程序请求，已中止 I/O 操作。
   --- End of inner exception stack trace ---
   at System.Net.Sockets.Socket.AwaitableSocketAsyncEventArgs.ThrowException(SocketError error, CancellationToken cancellationToken)
   at System.Net.Sockets.Socket.AwaitableSocketAsyncEventArgs.System.Threading.Tasks.Sources.IValueTaskSource<System.Int32>.GetResult(Int16 token)
   at System.Net.Security.SslStream.EnsureFullTlsFrameAsync[TIOAdapter](TIOAdapter adapter)
   at System.Net.Security.SslStream.ReadAsyncInternal[TIOAdapter](TIOAdapter adapter, Memory`1 buffer)
   at System.Net.Http.HttpConnection.SendAsyncCore(HttpRequestMessage request, Boolean async, CancellationToken cancellationToken)
   --- End of inner exception stack trace ---
   at System.Net.Http.HttpConnection.SendAsyncCore(HttpRequestMessage request, Boolean async, CancellationToken cancellationToken)
   at System.Net.Http.AuthenticationHelper.SendWithNtAuthAsync(HttpRequestMessage request, Uri authUri, Boolean async, ICredentials credentials, Boolean isProxyAuth, HttpConnection connection, HttpConnectionPool connectionPool, CancellationToken cancellationToken)
   at System.Net.Http.HttpConnectionPool.SendWithVersionDetectionAndRetryAsync(HttpRequestMessage request, Boolean async, Boolean doRequestAuth, CancellationToken cancellationToken)
   at System.Net.Http.AuthenticationHelper.SendWithAuthAsync(HttpRequestMessage request, Uri authUri, Boolean async, ICredentials credentials, Boolean preAuthenticate, Boolean isProxyAuth, Boolean doRequestAuth, HttpConnectionPool pool, CancellationToken cancellationToken)
   at System.Net.Http.DecompressionHandler.SendAsync(HttpRequestMessage request, Boolean async, CancellationToken cancellationToken)
   at GitHub.Services.Common.VssHttpMessageHandler.SendAsync(HttpRequestMessage request, CancellationToken cancellationToken)
[2023-04-19 04:29:32Z ERR  MessageListener] #####################################################
[2023-04-19 04:29:32Z ERR  MessageListener] System.IO.IOException: Unable to read data from the transport connection: 由于线程退出或应用程序请求，已中止 I/O 操作。.
 ---> System.Net.Sockets.SocketException (995): 由于线程退出或应用程序请求，已中止 I/O 操作。
   --- End of inner exception stack trace ---
   at System.Net.Sockets.Socket.AwaitableSocketAsyncEventArgs.ThrowException(SocketError error, CancellationToken cancellationToken)
   at System.Net.Sockets.Socket.AwaitableSocketAsyncEventArgs.System.Threading.Tasks.Sources.IValueTaskSource<System.Int32>.GetResult(Int16 token)
   at System.Net.Security.SslStream.EnsureFullTlsFrameAsync[TIOAdapter](TIOAdapter adapter)
   at System.Net.Security.SslStream.ReadAsyncInternal[TIOAdapter](TIOAdapter adapter, Memory`1 buffer)
   at System.Net.Http.HttpConnection.SendAsyncCore(HttpRequestMessage request, Boolean async, CancellationToken cancellationToken)
[2023-04-19 04:29:32Z ERR  MessageListener] #####################################################
[2023-04-19 04:29:32Z ERR  MessageListener] System.Net.Sockets.SocketException (995): 由于线程退出或应用程序请求，已中止 I/O 操作。
[2023-04-19 04:29:32Z INFO MessageListener] Retriable exception: The HTTP request timed out after 00:01:00.
[2023-04-19 04:29:32Z ERR  Terminal] WRITE ERROR: 2023-04-19 04:29:32Z: Runner connect error: The HTTP request timed out after 00:01:00.. Retrying until reconnected.
[2023-04-19 04:29:32Z INFO RunnerServer] Refresh MessageQueue VssConnection to get on a different AFD node.
[2023-04-19 04:29:32Z INFO RunnerServer] EstablishVssConnection
[2023-04-19 04:29:32Z INFO RunnerServer] Establish connection with 60 seconds timeout.
[2023-04-19 04:29:32Z INFO GitHubActionsService] Starting operation Location.GetConnectionData
[2023-04-19 04:29:33Z INFO GitHubActionsService] Finished operation Location.GetConnectionData
[2023-04-19 04:29:33Z INFO MessageListener] Sleeping for 25.893 seconds before retrying.
[2023-04-19 04:29:59Z INFO MessageListener] No message retrieved from session '516af7ee-1b5e-4384-8705-7c7e54ea37ba' within last 30 minutes.
[2023-04-19 04:29:59Z INFO RSAEncryptedFileKeyManager] Loading RSA key parameters from file D:\Blog\blog\actions-runner\.credentials_rsaparams
[2023-04-19 04:29:59Z INFO GitHubActionsService] AAD Correlation ID for this token request: Unknown
[2023-04-19 04:30:49Z INFO Terminal] WRITE LINE: 2023-04-19 04:30:49Z: Runner reconnected.
[2023-04-19 05:00:11Z INFO MessageListener] No message retrieved from session '516af7ee-1b5e-4384-8705-7c7e54ea37ba' within last 30 minutes.
[2023-04-19 05:25:22Z INFO RSAEncryptedFileKeyManager] Loading RSA key parameters from file D:\Blog\blog\actions-runner\.credentials_rsaparams
[2023-04-19 05:25:22Z INFO GitHubActionsService] AAD Correlation ID for this token request: Unknown
[2023-04-19 05:30:24Z INFO MessageListener] No message retrieved from session '516af7ee-1b5e-4384-8705-7c7e54ea37ba' within last 30 minutes.
[2023-04-19 06:00:36Z INFO MessageListener] No message retrieved from session '516af7ee-1b5e-4384-8705-7c7e54ea37ba' within last 30 minutes.
[2023-04-19 06:20:45Z INFO RSAEncryptedFileKeyManager] Loading RSA key parameters from file D:\Blog\blog\actions-runner\.credentials_rsaparams
[2023-04-19 06:20:46Z INFO GitHubActionsService] AAD Correlation ID for this token request: Unknown
[2023-04-19 06:30:49Z INFO MessageListener] No message retrieved from session '516af7ee-1b5e-4384-8705-7c7e54ea37ba' within last 30 minutes.
[2023-04-19 07:01:03Z INFO MessageListener] No message retrieved from session '516af7ee-1b5e-4384-8705-7c7e54ea37ba' within last 30 minutes.
[2023-04-19 07:16:09Z INFO RSAEncryptedFileKeyManager] Loading RSA key parameters from file D:\Blog\blog\actions-runner\.credentials_rsaparams
[2023-04-19 07:16:10Z INFO GitHubActionsService] AAD Correlation ID for this token request: Unknown
[2023-04-19 07:31:16Z INFO MessageListener] No message retrieved from session '516af7ee-1b5e-4384-8705-7c7e54ea37ba' within last 30 minutes.
[2023-04-19 08:01:28Z INFO MessageListener] No message retrieved from session '516af7ee-1b5e-4384-8705-7c7e54ea37ba' within last 30 minutes.
[2023-04-19 08:11:32Z INFO RSAEncryptedFileKeyManager] Loading RSA key parameters from file D:\Blog\blog\actions-runner\.credentials_rsaparams
[2023-04-19 08:11:33Z INFO GitHubActionsService] AAD Correlation ID for this token request: Unknown
[2023-04-19 08:31:41Z INFO MessageListener] No message retrieved from session '516af7ee-1b5e-4384-8705-7c7e54ea37ba' within last 30 minutes.
[2023-04-19 09:01:54Z INFO MessageListener] No message retrieved from session '516af7ee-1b5e-4384-8705-7c7e54ea37ba' within last 30 minutes.
[2023-04-19 09:06:56Z INFO RSAEncryptedFileKeyManager] Loading RSA key parameters from file D:\Blog\blog\actions-runner\.credentials_rsaparams
[2023-04-19 09:06:57Z INFO GitHubActionsService] AAD Correlation ID for this token request: Unknown
[2023-04-19 09:32:06Z INFO MessageListener] No message retrieved from session '516af7ee-1b5e-4384-8705-7c7e54ea37ba' within last 30 minutes.
[2023-04-19 10:02:18Z INFO MessageListener] No message retrieved from session '516af7ee-1b5e-4384-8705-7c7e54ea37ba' within last 30 minutes.
[2023-04-19 10:02:19Z INFO RSAEncryptedFileKeyManager] Loading RSA key parameters from file D:\Blog\blog\actions-runner\.credentials_rsaparams
[2023-04-19 10:02:19Z INFO GitHubActionsService] AAD Correlation ID for this token request: Unknown
[2023-04-19 10:32:32Z INFO MessageListener] No message retrieved from session '516af7ee-1b5e-4384-8705-7c7e54ea37ba' within last 30 minutes.
[2023-04-19 10:57:42Z INFO RSAEncryptedFileKeyManager] Loading RSA key parameters from file D:\Blog\blog\actions-runner\.credentials_rsaparams
[2023-04-19 10:57:43Z INFO GitHubActionsService] AAD Correlation ID for this token request: Unknown
[2023-04-19 11:02:45Z INFO MessageListener] No message retrieved from session '516af7ee-1b5e-4384-8705-7c7e54ea37ba' within last 30 minutes.
[2023-04-19 11:32:59Z INFO MessageListener] No message retrieved from session '516af7ee-1b5e-4384-8705-7c7e54ea37ba' within last 30 minutes.
[2023-04-19 11:53:08Z INFO RSAEncryptedFileKeyManager] Loading RSA key parameters from file D:\Blog\blog\actions-runner\.credentials_rsaparams
[2023-04-19 11:53:09Z INFO GitHubActionsService] AAD Correlation ID for this token request: Unknown
[2023-04-19 12:03:13Z INFO MessageListener] No message retrieved from session '516af7ee-1b5e-4384-8705-7c7e54ea37ba' within last 30 minutes.
[2023-04-19 12:33:25Z INFO MessageListener] No message retrieved from session '516af7ee-1b5e-4384-8705-7c7e54ea37ba' within last 30 minutes.
[2023-04-19 12:48:32Z INFO RSAEncryptedFileKeyManager] Loading RSA key parameters from file D:\Blog\blog\actions-runner\.credentials_rsaparams
[2023-04-19 12:48:33Z INFO GitHubActionsService] AAD Correlation ID for this token request: Unknown
[2023-04-19 13:03:39Z INFO MessageListener] No message retrieved from session '516af7ee-1b5e-4384-8705-7c7e54ea37ba' within last 30 minutes.
[2023-04-19 13:33:51Z INFO MessageListener] No message retrieved from session '516af7ee-1b5e-4384-8705-7c7e54ea37ba' within last 30 minutes.
[2023-04-19 13:43:55Z INFO RSAEncryptedFileKeyManager] Loading RSA key parameters from file D:\Blog\blog\actions-runner\.credentials_rsaparams
[2023-04-19 13:43:56Z INFO GitHubActionsService] AAD Correlation ID for this token request: Unknown
[2023-04-19 13:55:57Z INFO HostContext] Runner will be shutdown for UserCancelled
[2023-04-19 13:55:57Z WARN GitHubActionsService] GET request to https://pipelines.actions.githubusercontent.com/vbd6EKQARMINAVUS7ckItTttXQj8tyGcNsCx4pAfhScPJ0nv7r/_apis/distributedtask/pools/1/messages?sessionId=516af7ee-1b5e-4384-8705-7c7e54ea37ba&status=Online&runnerVersion=2.303.0 has been cancelled.
[2023-04-19 13:55:57Z INFO MessageListener] Get next message has been cancelled.
[2023-04-19 13:55:57Z INFO JobDispatcher] Shutting down JobDispatcher. Make sure all WorkerDispatcher has finished.
[2023-04-19 13:56:00Z INFO Listener] Runner execution been cancelled.
