[2023-04-23 12:21:07Z INFO HostContext] No proxy settings were found based on environmental variables (http_proxy/https_proxy/HTTP_PROXY/HTTPS_PROXY)
[2023-04-23 12:21:07Z INFO HostContext] Well known directory 'Bin': 'D:\Blog\blog\actions-runner\bin'
[2023-04-23 12:21:07Z INFO HostContext] Well known directory 'Root': 'D:\Blog\blog\actions-runner'
[2023-04-23 12:21:07Z INFO HostContext] Well known config file 'Credentials': 'D:\Blog\blog\actions-runner\.credentials'
[2023-04-23 12:21:08Z INFO HostContext] Well known directory 'Bin': 'D:\Blog\blog\actions-runner\bin'
[2023-04-23 12:21:08Z INFO HostContext] Well known directory 'Root': 'D:\Blog\blog\actions-runner'
[2023-04-23 12:21:08Z INFO HostContext] Well known config file 'Runner': 'D:\Blog\blog\actions-runner\.runner'
[2023-04-23 12:21:08Z INFO Listener] Runner is built for Windows (X64) - win-x64.
[2023-04-23 12:21:08Z INFO Listener] RuntimeInformation: Microsoft Windows 10.0.22621.
[2023-04-23 12:21:08Z INFO Listener] Version: 2.303.0
[2023-04-23 12:21:08Z INFO Listener] Commit: e676c7871817c1b484299cd93fabdf4b95e70741
[2023-04-23 12:21:08Z INFO Listener] Culture: zh-CN
[2023-04-23 12:21:08Z INFO Listener] UI Culture: zh-CN
[2023-04-23 12:21:08Z INFO HostContext] Well known directory 'Bin': 'D:\Blog\blog\actions-runner\bin'
[2023-04-23 12:21:08Z INFO HostContext] Well known directory 'Root': 'D:\Blog\blog\actions-runner'
[2023-04-23 12:21:08Z INFO Listener] Validating directory permissions for: 'D:\Blog\blog\actions-runner'
[2023-04-23 12:21:08Z INFO CommandLineParser] Parse
[2023-04-23 12:21:08Z INFO CommandLineParser] Parsing 3 args
[2023-04-23 12:21:08Z INFO CommandLineParser] parsing argument
[2023-04-23 12:21:08Z INFO CommandLineParser] HasArgs: False
[2023-04-23 12:21:08Z INFO CommandLineParser] Adding Command: run
[2023-04-23 12:21:08Z INFO CommandLineParser] parsing argument
[2023-04-23 12:21:08Z INFO CommandLineParser] HasArgs: True
[2023-04-23 12:21:08Z INFO CommandLineParser] arg: startuptype
[2023-04-23 12:21:08Z INFO CommandLineParser] parsing argument
[2023-04-23 12:21:08Z INFO CommandLineParser] HasArgs: True
[2023-04-23 12:21:08Z INFO CommandLineParser] Adding option 'startuptype': 'service'
[2023-04-23 12:21:08Z INFO Listener] Arguments parsed
[2023-04-23 12:21:08Z INFO Runner] ExecuteCommand
[2023-04-23 12:21:08Z INFO ConfigurationStore] currentAssemblyLocation: D:\Blog\blog\actions-runner\bin\Runner.Listener.dll
[2023-04-23 12:21:08Z INFO HostContext] Well known directory 'Bin': 'D:\Blog\blog\actions-runner\bin'
[2023-04-23 12:21:08Z INFO ConfigurationStore] binPath: D:\Blog\blog\actions-runner\bin
[2023-04-23 12:21:08Z INFO HostContext] Well known directory 'Bin': 'D:\Blog\blog\actions-runner\bin'
[2023-04-23 12:21:08Z INFO HostContext] Well known directory 'Root': 'D:\Blog\blog\actions-runner'
[2023-04-23 12:21:08Z INFO ConfigurationStore] RootFolder: D:\Blog\blog\actions-runner
[2023-04-23 12:21:08Z INFO HostContext] Well known directory 'Bin': 'D:\Blog\blog\actions-runner\bin'
[2023-04-23 12:21:08Z INFO HostContext] Well known directory 'Root': 'D:\Blog\blog\actions-runner'
[2023-04-23 12:21:08Z INFO HostContext] Well known config file 'Runner': 'D:\Blog\blog\actions-runner\.runner'
[2023-04-23 12:21:08Z INFO ConfigurationStore] ConfigFilePath: D:\Blog\blog\actions-runner\.runner
[2023-04-23 12:21:08Z INFO HostContext] Well known directory 'Bin': 'D:\Blog\blog\actions-runner\bin'
[2023-04-23 12:21:08Z INFO HostContext] Well known directory 'Root': 'D:\Blog\blog\actions-runner'
[2023-04-23 12:21:08Z INFO HostContext] Well known config file 'Credentials': 'D:\Blog\blog\actions-runner\.credentials'
[2023-04-23 12:21:08Z INFO ConfigurationStore] CredFilePath: D:\Blog\blog\actions-runner\.credentials
[2023-04-23 12:21:08Z INFO HostContext] Well known directory 'Bin': 'D:\Blog\blog\actions-runner\bin'
[2023-04-23 12:21:08Z INFO HostContext] Well known directory 'Root': 'D:\Blog\blog\actions-runner'
[2023-04-23 12:21:08Z INFO HostContext] Well known config file 'MigratedCredentials': 'D:\Blog\blog\actions-runner\.credentials_migrated'
[2023-04-23 12:21:08Z INFO ConfigurationStore] MigratedCredFilePath: D:\Blog\blog\actions-runner\.credentials_migrated
[2023-04-23 12:21:08Z INFO HostContext] Well known directory 'Bin': 'D:\Blog\blog\actions-runner\bin'
[2023-04-23 12:21:08Z INFO HostContext] Well known directory 'Root': 'D:\Blog\blog\actions-runner'
[2023-04-23 12:21:08Z INFO HostContext] Well known config file 'Service': 'D:\Blog\blog\actions-runner\.service'
[2023-04-23 12:21:08Z INFO ConfigurationStore] ServiceConfigFilePath: D:\Blog\blog\actions-runner\.service
[2023-04-23 12:21:08Z INFO CommandSettings] Flag 'help': 'False'
[2023-04-23 12:21:08Z INFO CommandSettings] Flag 'version': 'False'
[2023-04-23 12:21:08Z INFO CommandSettings] Flag 'commit': 'False'
[2023-04-23 12:21:08Z INFO CommandSettings] Flag 'check': 'False'
[2023-04-23 12:21:08Z INFO CommandSettings] Command 'configure': 'False'
[2023-04-23 12:21:08Z INFO CommandSettings] Command 'remove': 'False'
[2023-04-23 12:21:08Z INFO CommandSettings] Command 'warmup': 'False'
[2023-04-23 12:21:08Z INFO ConfigurationManager] LoadSettings
[2023-04-23 12:21:08Z INFO ConfigurationStore] IsConfigured()
[2023-04-23 12:21:08Z INFO ConfigurationStore] IsConfigured: True
[2023-04-23 12:21:08Z INFO ConfigurationManager] Is configured: True
[2023-04-23 12:21:08Z INFO ConfigurationStore] Read setting file: 299 chars
[2023-04-23 12:21:08Z INFO ConfigurationManager] Settings Loaded
[2023-04-23 12:21:08Z INFO ConfigurationStore] IsServiceConfigured()
[2023-04-23 12:21:08Z INFO ConfigurationStore] IsServiceConfigured: True
[2023-04-23 12:21:08Z INFO CommandSettings] Command 'run': 'True'
[2023-04-23 12:21:08Z INFO ConfigurationStore] IsConfigured()
[2023-04-23 12:21:08Z INFO ConfigurationStore] IsConfigured: True
[2023-04-23 12:21:08Z INFO ConfigurationManager] Is configured: True
[2023-04-23 12:21:08Z INFO Runner] Set runner startup type - Service
[2023-04-23 12:21:08Z INFO CommandSettings] Flag 'once': 'False'
[2023-04-23 12:21:08Z INFO CommandSettings] Flag 'once': 'False'
[2023-04-23 12:21:08Z INFO Runner] RunAsync
[2023-04-23 12:21:08Z INFO ConfigurationManager] LoadSettings
[2023-04-23 12:21:08Z INFO ConfigurationStore] IsConfigured()
[2023-04-23 12:21:08Z INFO ConfigurationStore] IsConfigured: True
[2023-04-23 12:21:08Z INFO ConfigurationManager] Is configured: True
[2023-04-23 12:21:08Z INFO ConfigurationManager] Settings Loaded
[2023-04-23 12:21:08Z INFO MessageListener] {
  "AgentId": 24,
  "AgentName": "BanDao",
  "PoolId": 1,
  "PoolName": "Default",
  "ServerUrl": "https://pipelines.actions.githubusercontent.com/vbd6EKQARMINAVUS7ckItTttXQj8tyGcNsCx4pAfhScPJ0nv7r",
  "GitHubUrl": "https://github.com/BanDaobd/BanDaobd.github.io",
  "WorkFolder": "_work"
}
[2023-04-23 12:21:08Z INFO MessageListener] Loading Credentials
[2023-04-23 12:21:08Z INFO ConfigurationStore] HasCredentials()
[2023-04-23 12:21:08Z INFO ConfigurationStore] stored True
[2023-04-23 12:21:08Z INFO CredentialManager] GetCredentialProvider
[2023-04-23 12:21:08Z INFO CredentialManager] Creating type OAuth
[2023-04-23 12:21:08Z INFO CredentialManager] Creating credential type: OAuth
[2023-04-23 12:21:08Z INFO HostContext] Well known directory 'Bin': 'D:\Blog\blog\actions-runner\bin'
[2023-04-23 12:21:08Z INFO HostContext] Well known directory 'Root': 'D:\Blog\blog\actions-runner'
[2023-04-23 12:21:08Z INFO HostContext] Well known config file 'RSACredentials': 'D:\Blog\blog\actions-runner\.credentials_rsaparams'
[2023-04-23 12:21:08Z INFO RSAEncryptedFileKeyManager] Loading RSA key parameters from file D:\Blog\blog\actions-runner\.credentials_rsaparams
[2023-04-23 12:21:08Z INFO MessageListener] Attempt to create session.
[2023-04-23 12:21:08Z INFO MessageListener] Connecting to the Runner Server...
[2023-04-23 12:21:08Z INFO RunnerServer] EstablishVssConnection
[2023-04-23 12:21:08Z INFO RunnerServer] Establish connection with 100 seconds timeout.
[2023-04-23 12:21:08Z INFO GitHubActionsService] Starting operation Location.GetConnectionData
[2023-04-23 12:21:09Z INFO RunnerServer] EstablishVssConnection
[2023-04-23 12:21:09Z INFO RunnerServer] Establish connection with 60 seconds timeout.
[2023-04-23 12:21:09Z INFO GitHubActionsService] Starting operation Location.GetConnectionData
[2023-04-23 12:21:09Z INFO RunnerServer] EstablishVssConnection
[2023-04-23 12:21:09Z INFO RunnerServer] Establish connection with 60 seconds timeout.
[2023-04-23 12:21:09Z INFO GitHubActionsService] Starting operation Location.GetConnectionData
[2023-04-23 12:21:10Z INFO GitHubActionsService] Finished operation Location.GetConnectionData
[2023-04-23 12:21:10Z INFO GitHubActionsService] Finished operation Location.GetConnectionData
[2023-04-23 12:21:10Z INFO GitHubActionsService] Finished operation Location.GetConnectionData
[2023-04-23 12:21:10Z INFO MessageListener] VssConnection created
[2023-04-23 12:21:10Z INFO Terminal] WRITE LINE: 
[2023-04-23 12:21:10Z INFO Terminal] WRITE LINE: 
[2023-04-23 12:21:11Z INFO RSAEncryptedFileKeyManager] Loading RSA key parameters from file D:\Blog\blog\actions-runner\.credentials_rsaparams
[2023-04-23 12:21:11Z INFO RSAEncryptedFileKeyManager] Loading RSA key parameters from file D:\Blog\blog\actions-runner\.credentials_rsaparams
[2023-04-23 12:21:11Z INFO GitHubActionsService] AAD Correlation ID for this token request: Unknown
[2023-04-23 12:21:11Z INFO MessageListener] Session created.
[2023-04-23 12:21:11Z INFO Terminal] WRITE LINE: Current runner version: '2.303.0'
[2023-04-23 12:21:11Z INFO Terminal] WRITE LINE: 2023-04-23 12:21:11Z: Listening for Jobs
[2023-04-23 12:21:11Z INFO JobDispatcher] Set runner/worker IPC timeout to 30 seconds.
[2023-04-23 12:51:24Z INFO MessageListener] No message retrieved from session 'd2f6582e-cd8a-486b-b92e-8a221475e059' within last 30 minutes.
[2023-04-23 13:16:37Z INFO RSAEncryptedFileKeyManager] Loading RSA key parameters from file D:\Blog\blog\actions-runner\.credentials_rsaparams
[2023-04-23 13:16:38Z INFO GitHubActionsService] AAD Correlation ID for this token request: Unknown
[2023-04-23 13:21:40Z INFO MessageListener] No message retrieved from session 'd2f6582e-cd8a-486b-b92e-8a221475e059' within last 30 minutes.
[2023-04-23 16:37:14Z WARN GitHubActionsService] Attempt 1 of GET request to https://pipelines.actions.githubusercontent.com/vbd6EKQARMINAVUS7ckItTttXQj8tyGcNsCx4pAfhScPJ0nv7r/_apis/distributedtask/pools/1/messages?sessionId=d2f6582e-cd8a-486b-b92e-8a221475e059&status=Online&runnerVersion=2.303.0 failed (Socket Error: ConnectionAborted). The operation will be retried in 10.859 seconds.
[2023-04-24 02:34:39Z INFO RSAEncryptedFileKeyManager] Loading RSA key parameters from file D:\Blog\blog\actions-runner\.credentials_rsaparams
[2023-04-24 02:34:40Z INFO GitHubActionsService] AAD Correlation ID for this token request: Unknown
[2023-04-24 02:35:30Z INFO MessageListener] No message retrieved from session 'd2f6582e-cd8a-486b-b92e-8a221475e059' within last 30 minutes.
[2023-04-24 03:05:42Z INFO MessageListener] No message retrieved from session 'd2f6582e-cd8a-486b-b92e-8a221475e059' within last 30 minutes.
