[2023-04-17 08:19:40Z INFO HostContext] No proxy settings were found based on environmental variables (http_proxy/https_proxy/HTTP_PROXY/HTTPS_PROXY)
[2023-04-17 08:19:40Z INFO HostContext] Well known directory 'Bin': 'D:\Blog\blog\actions-runner\bin'
[2023-04-17 08:19:40Z INFO HostContext] Well known directory 'Root': 'D:\Blog\blog\actions-runner'
[2023-04-17 08:19:40Z INFO HostContext] Well known config file 'Credentials': 'D:\Blog\blog\actions-runner\.credentials'
[2023-04-17 08:19:40Z INFO HostContext] Well known directory 'Bin': 'D:\Blog\blog\actions-runner\bin'
[2023-04-17 08:19:40Z INFO HostContext] Well known directory 'Root': 'D:\Blog\blog\actions-runner'
[2023-04-17 08:19:40Z INFO HostContext] Well known config file 'Runner': 'D:\Blog\blog\actions-runner\.runner'
[2023-04-17 08:19:40Z INFO Listener] Runner is built for Windows (X64) - win-x64.
[2023-04-17 08:19:40Z INFO Listener] RuntimeInformation: Microsoft Windows 10.0.22621.
[2023-04-17 08:19:40Z INFO Listener] Version: 2.303.0
[2023-04-17 08:19:40Z INFO Listener] Commit: e676c7871817c1b484299cd93fabdf4b95e70741
[2023-04-17 08:19:40Z INFO Listener] Culture: zh-CN
[2023-04-17 08:19:40Z INFO Listener] UI Culture: zh-CN
[2023-04-17 08:19:40Z INFO HostContext] Well known directory 'Bin': 'D:\Blog\blog\actions-runner\bin'
[2023-04-17 08:19:40Z INFO HostContext] Well known directory 'Root': 'D:\Blog\blog\actions-runner'
[2023-04-17 08:19:40Z INFO Listener] Validating directory permissions for: 'D:\Blog\blog\actions-runner'
[2023-04-17 08:19:40Z INFO CommandLineParser] Parse
[2023-04-17 08:19:40Z INFO CommandLineParser] Parsing 3 args
[2023-04-17 08:19:40Z INFO CommandLineParser] parsing argument
[2023-04-17 08:19:40Z INFO CommandLineParser] HasArgs: False
[2023-04-17 08:19:40Z INFO CommandLineParser] Adding Command: run
[2023-04-17 08:19:40Z INFO CommandLineParser] parsing argument
[2023-04-17 08:19:40Z INFO CommandLineParser] HasArgs: True
[2023-04-17 08:19:40Z INFO CommandLineParser] arg: startuptype
[2023-04-17 08:19:40Z INFO CommandLineParser] parsing argument
[2023-04-17 08:19:40Z INFO CommandLineParser] HasArgs: True
[2023-04-17 08:19:40Z INFO CommandLineParser] Adding option 'startuptype': 'service'
[2023-04-17 08:19:40Z INFO Listener] Arguments parsed
[2023-04-17 08:19:40Z INFO Runner] ExecuteCommand
[2023-04-17 08:19:40Z INFO ConfigurationStore] currentAssemblyLocation: D:\Blog\blog\actions-runner\bin\Runner.Listener.dll
[2023-04-17 08:19:40Z INFO HostContext] Well known directory 'Bin': 'D:\Blog\blog\actions-runner\bin'
[2023-04-17 08:19:40Z INFO ConfigurationStore] binPath: D:\Blog\blog\actions-runner\bin
[2023-04-17 08:19:40Z INFO HostContext] Well known directory 'Bin': 'D:\Blog\blog\actions-runner\bin'
[2023-04-17 08:19:40Z INFO HostContext] Well known directory 'Root': 'D:\Blog\blog\actions-runner'
[2023-04-17 08:19:40Z INFO ConfigurationStore] RootFolder: D:\Blog\blog\actions-runner
[2023-04-17 08:19:40Z INFO HostContext] Well known directory 'Bin': 'D:\Blog\blog\actions-runner\bin'
[2023-04-17 08:19:40Z INFO HostContext] Well known directory 'Root': 'D:\Blog\blog\actions-runner'
[2023-04-17 08:19:40Z INFO HostContext] Well known config file 'Runner': 'D:\Blog\blog\actions-runner\.runner'
[2023-04-17 08:19:40Z INFO ConfigurationStore] ConfigFilePath: D:\Blog\blog\actions-runner\.runner
[2023-04-17 08:19:40Z INFO HostContext] Well known directory 'Bin': 'D:\Blog\blog\actions-runner\bin'
[2023-04-17 08:19:40Z INFO HostContext] Well known directory 'Root': 'D:\Blog\blog\actions-runner'
[2023-04-17 08:19:40Z INFO HostContext] Well known config file 'Credentials': 'D:\Blog\blog\actions-runner\.credentials'
[2023-04-17 08:19:40Z INFO ConfigurationStore] CredFilePath: D:\Blog\blog\actions-runner\.credentials
[2023-04-17 08:19:40Z INFO HostContext] Well known directory 'Bin': 'D:\Blog\blog\actions-runner\bin'
[2023-04-17 08:19:40Z INFO HostContext] Well known directory 'Root': 'D:\Blog\blog\actions-runner'
[2023-04-17 08:19:40Z INFO HostContext] Well known config file 'MigratedCredentials': 'D:\Blog\blog\actions-runner\.credentials_migrated'
[2023-04-17 08:19:40Z INFO ConfigurationStore] MigratedCredFilePath: D:\Blog\blog\actions-runner\.credentials_migrated
[2023-04-17 08:19:40Z INFO HostContext] Well known directory 'Bin': 'D:\Blog\blog\actions-runner\bin'
[2023-04-17 08:19:40Z INFO HostContext] Well known directory 'Root': 'D:\Blog\blog\actions-runner'
[2023-04-17 08:19:40Z INFO HostContext] Well known config file 'Service': 'D:\Blog\blog\actions-runner\.service'
[2023-04-17 08:19:40Z INFO ConfigurationStore] ServiceConfigFilePath: D:\Blog\blog\actions-runner\.service
[2023-04-17 08:19:40Z INFO CommandSettings] Flag 'help': 'False'
[2023-04-17 08:19:40Z INFO CommandSettings] Flag 'version': 'False'
[2023-04-17 08:19:40Z INFO CommandSettings] Flag 'commit': 'False'
[2023-04-17 08:19:40Z INFO CommandSettings] Flag 'check': 'False'
[2023-04-17 08:19:40Z INFO CommandSettings] Command 'configure': 'False'
[2023-04-17 08:19:40Z INFO CommandSettings] Command 'remove': 'False'
[2023-04-17 08:19:40Z INFO CommandSettings] Command 'warmup': 'False'
[2023-04-17 08:19:40Z INFO ConfigurationManager] LoadSettings
[2023-04-17 08:19:40Z INFO ConfigurationStore] IsConfigured()
[2023-04-17 08:19:40Z INFO ConfigurationStore] IsConfigured: True
[2023-04-17 08:19:40Z INFO ConfigurationManager] Is configured: True
[2023-04-17 08:19:40Z INFO ConfigurationStore] Read setting file: 299 chars
[2023-04-17 08:19:40Z INFO ConfigurationManager] Settings Loaded
[2023-04-17 08:19:40Z INFO ConfigurationStore] IsServiceConfigured()
[2023-04-17 08:19:40Z INFO ConfigurationStore] IsServiceConfigured: True
[2023-04-17 08:19:40Z INFO CommandSettings] Command 'run': 'True'
[2023-04-17 08:19:40Z INFO ConfigurationStore] IsConfigured()
[2023-04-17 08:19:40Z INFO ConfigurationStore] IsConfigured: True
[2023-04-17 08:19:40Z INFO ConfigurationManager] Is configured: True
[2023-04-17 08:19:40Z INFO Runner] Set runner startup type - Service
[2023-04-17 08:19:40Z INFO CommandSettings] Flag 'once': 'False'
[2023-04-17 08:19:40Z INFO CommandSettings] Flag 'once': 'False'
[2023-04-17 08:19:40Z INFO Runner] RunAsync
[2023-04-17 08:19:40Z INFO ConfigurationManager] LoadSettings
[2023-04-17 08:19:40Z INFO ConfigurationStore] IsConfigured()
[2023-04-17 08:19:40Z INFO ConfigurationStore] IsConfigured: True
[2023-04-17 08:19:40Z INFO ConfigurationManager] Is configured: True
[2023-04-17 08:19:40Z INFO ConfigurationManager] Settings Loaded
[2023-04-17 08:19:40Z INFO MessageListener] {
  "AgentId": 24,
  "AgentName": "BanDao",
  "PoolId": 1,
  "PoolName": "Default",
  "ServerUrl": "https://pipelines.actions.githubusercontent.com/vbd6EKQARMINAVUS7ckItTttXQj8tyGcNsCx4pAfhScPJ0nv7r",
  "GitHubUrl": "https://github.com/BanDaobd/BanDaobd.github.io",
  "WorkFolder": "_work"
}
[2023-04-17 08:19:40Z INFO MessageListener] Loading Credentials
[2023-04-17 08:19:40Z INFO ConfigurationStore] HasCredentials()
[2023-04-17 08:19:40Z INFO ConfigurationStore] stored True
[2023-04-17 08:19:40Z INFO CredentialManager] GetCredentialProvider
[2023-04-17 08:19:40Z INFO CredentialManager] Creating type OAuth
[2023-04-17 08:19:40Z INFO CredentialManager] Creating credential type: OAuth
[2023-04-17 08:19:40Z INFO HostContext] Well known directory 'Bin': 'D:\Blog\blog\actions-runner\bin'
[2023-04-17 08:19:40Z INFO HostContext] Well known directory 'Root': 'D:\Blog\blog\actions-runner'
[2023-04-17 08:19:40Z INFO HostContext] Well known config file 'RSACredentials': 'D:\Blog\blog\actions-runner\.credentials_rsaparams'
[2023-04-17 08:19:40Z INFO RSAEncryptedFileKeyManager] Loading RSA key parameters from file D:\Blog\blog\actions-runner\.credentials_rsaparams
[2023-04-17 08:19:40Z INFO MessageListener] Attempt to create session.
[2023-04-17 08:19:40Z INFO MessageListener] Connecting to the Runner Server...
[2023-04-17 08:19:40Z INFO RunnerServer] EstablishVssConnection
[2023-04-17 08:19:40Z INFO RunnerServer] Establish connection with 100 seconds timeout.
[2023-04-17 08:19:41Z INFO GitHubActionsService] Starting operation Location.GetConnectionData
[2023-04-17 08:19:41Z INFO RunnerServer] EstablishVssConnection
[2023-04-17 08:19:41Z INFO RunnerServer] Establish connection with 60 seconds timeout.
[2023-04-17 08:19:41Z INFO GitHubActionsService] Starting operation Location.GetConnectionData
[2023-04-17 08:19:41Z INFO RunnerServer] EstablishVssConnection
[2023-04-17 08:19:41Z INFO RunnerServer] Establish connection with 60 seconds timeout.
[2023-04-17 08:19:41Z INFO GitHubActionsService] Starting operation Location.GetConnectionData
[2023-04-17 08:19:42Z INFO GitHubActionsService] Finished operation Location.GetConnectionData
[2023-04-17 08:19:42Z INFO GitHubActionsService] Finished operation Location.GetConnectionData
[2023-04-17 08:19:42Z INFO GitHubActionsService] Finished operation Location.GetConnectionData
[2023-04-17 08:19:42Z INFO MessageListener] VssConnection created
[2023-04-17 08:19:42Z INFO Terminal] WRITE LINE: 
[2023-04-17 08:19:42Z INFO Terminal] WRITE LINE: 
[2023-04-17 08:19:43Z INFO RSAEncryptedFileKeyManager] Loading RSA key parameters from file D:\Blog\blog\actions-runner\.credentials_rsaparams
[2023-04-17 08:19:43Z INFO RSAEncryptedFileKeyManager] Loading RSA key parameters from file D:\Blog\blog\actions-runner\.credentials_rsaparams
[2023-04-17 08:19:43Z INFO GitHubActionsService] AAD Correlation ID for this token request: Unknown
[2023-04-17 08:19:44Z INFO MessageListener] Session created.
[2023-04-17 08:19:44Z INFO Terminal] WRITE LINE: Current runner version: '2.303.0'
[2023-04-17 08:19:44Z INFO Terminal] WRITE LINE: 2023-04-17 08:19:44Z: Listening for Jobs
[2023-04-17 08:19:44Z INFO JobDispatcher] Set runner/worker IPC timeout to 30 seconds.
[2023-04-17 08:49:56Z INFO MessageListener] No message retrieved from session '3066875b-d08f-4d70-a45e-1e9bf760d073' within last 30 minutes.
[2023-04-17 09:15:06Z INFO RSAEncryptedFileKeyManager] Loading RSA key parameters from file D:\Blog\blog\actions-runner\.credentials_rsaparams
[2023-04-17 09:15:07Z INFO GitHubActionsService] AAD Correlation ID for this token request: Unknown
[2023-04-17 09:20:09Z INFO MessageListener] No message retrieved from session '3066875b-d08f-4d70-a45e-1e9bf760d073' within last 30 minutes.
[2023-04-17 09:50:20Z INFO MessageListener] No message retrieved from session '3066875b-d08f-4d70-a45e-1e9bf760d073' within last 30 minutes.
[2023-04-17 10:10:29Z INFO RSAEncryptedFileKeyManager] Loading RSA key parameters from file D:\Blog\blog\actions-runner\.credentials_rsaparams
[2023-04-17 10:10:29Z INFO GitHubActionsService] AAD Correlation ID for this token request: Unknown
[2023-04-17 10:20:34Z INFO MessageListener] No message retrieved from session '3066875b-d08f-4d70-a45e-1e9bf760d073' within last 30 minutes.
[2023-04-17 10:50:46Z INFO MessageListener] No message retrieved from session '3066875b-d08f-4d70-a45e-1e9bf760d073' within last 30 minutes.
[2023-04-17 11:05:53Z INFO RSAEncryptedFileKeyManager] Loading RSA key parameters from file D:\Blog\blog\actions-runner\.credentials_rsaparams
[2023-04-17 11:05:54Z INFO GitHubActionsService] AAD Correlation ID for this token request: Unknown
[2023-04-17 11:20:59Z INFO MessageListener] No message retrieved from session '3066875b-d08f-4d70-a45e-1e9bf760d073' within last 30 minutes.
[2023-04-17 11:51:10Z INFO MessageListener] No message retrieved from session '3066875b-d08f-4d70-a45e-1e9bf760d073' within last 30 minutes.
[2023-04-17 12:01:14Z INFO RSAEncryptedFileKeyManager] Loading RSA key parameters from file D:\Blog\blog\actions-runner\.credentials_rsaparams
[2023-04-17 12:01:15Z INFO GitHubActionsService] AAD Correlation ID for this token request: Unknown
[2023-04-17 12:21:23Z INFO MessageListener] No message retrieved from session '3066875b-d08f-4d70-a45e-1e9bf760d073' within last 30 minutes.
[2023-04-17 12:51:35Z INFO MessageListener] No message retrieved from session '3066875b-d08f-4d70-a45e-1e9bf760d073' within last 30 minutes.
[2023-04-17 12:56:38Z INFO RSAEncryptedFileKeyManager] Loading RSA key parameters from file D:\Blog\blog\actions-runner\.credentials_rsaparams
[2023-04-17 12:56:39Z INFO GitHubActionsService] AAD Correlation ID for this token request: Unknown
[2023-04-17 13:21:49Z INFO MessageListener] No message retrieved from session '3066875b-d08f-4d70-a45e-1e9bf760d073' within last 30 minutes.
[2023-04-17 13:52:01Z INFO MessageListener] No message retrieved from session '3066875b-d08f-4d70-a45e-1e9bf760d073' within last 30 minutes.
[2023-04-17 13:52:01Z INFO RSAEncryptedFileKeyManager] Loading RSA key parameters from file D:\Blog\blog\actions-runner\.credentials_rsaparams
[2023-04-17 13:52:02Z INFO GitHubActionsService] AAD Correlation ID for this token request: Unknown
[2023-04-17 16:55:46Z WARN GitHubActionsService] Attempt 1 of GET request to https://pipelines.actions.githubusercontent.com/vbd6EKQARMINAVUS7ckItTttXQj8tyGcNsCx4pAfhScPJ0nv7r/_apis/distributedtask/pools/1/messages?sessionId=3066875b-d08f-4d70-a45e-1e9bf760d073&status=Online&runnerVersion=2.303.0 failed (Socket Error: ConnectionAborted). The operation will be retried in 10.996 seconds.
[2023-04-17 23:44:40Z INFO RSAEncryptedFileKeyManager] Loading RSA key parameters from file D:\Blog\blog\actions-runner\.credentials_rsaparams
[2023-04-17 23:44:40Z INFO GitHubActionsService] AAD Correlation ID for this token request: Unknown
[2023-04-17 23:45:30Z INFO MessageListener] No message retrieved from session '3066875b-d08f-4d70-a45e-1e9bf760d073' within last 30 minutes.
[2023-04-18 00:15:44Z INFO MessageListener] No message retrieved from session '3066875b-d08f-4d70-a45e-1e9bf760d073' within last 30 minutes.
[2023-04-18 00:40:04Z INFO RSAEncryptedFileKeyManager] Loading RSA key parameters from file D:\Blog\blog\actions-runner\.credentials_rsaparams
[2023-04-18 00:40:04Z INFO GitHubActionsService] AAD Correlation ID for this token request: Unknown
[2023-04-18 00:45:57Z INFO MessageListener] No message retrieved from session '3066875b-d08f-4d70-a45e-1e9bf760d073' within last 30 minutes.
[2023-04-18 01:16:12Z INFO MessageListener] No message retrieved from session '3066875b-d08f-4d70-a45e-1e9bf760d073' within last 30 minutes.
[2023-04-18 01:35:30Z INFO RSAEncryptedFileKeyManager] Loading RSA key parameters from file D:\Blog\blog\actions-runner\.credentials_rsaparams
[2023-04-18 01:35:31Z INFO GitHubActionsService] AAD Correlation ID for this token request: Unknown
[2023-04-18 01:46:25Z INFO MessageListener] No message retrieved from session '3066875b-d08f-4d70-a45e-1e9bf760d073' within last 30 minutes.
[2023-04-18 02:16:37Z INFO MessageListener] No message retrieved from session '3066875b-d08f-4d70-a45e-1e9bf760d073' within last 30 minutes.
[2023-04-18 02:30:52Z INFO RSAEncryptedFileKeyManager] Loading RSA key parameters from file D:\Blog\blog\actions-runner\.credentials_rsaparams
[2023-04-18 02:30:52Z INFO GitHubActionsService] AAD Correlation ID for this token request: Unknown
[2023-04-18 02:46:49Z INFO MessageListener] No message retrieved from session '3066875b-d08f-4d70-a45e-1e9bf760d073' within last 30 minutes.
[2023-04-18 03:17:01Z INFO MessageListener] No message retrieved from session '3066875b-d08f-4d70-a45e-1e9bf760d073' within last 30 minutes.
[2023-04-18 03:26:15Z INFO RSAEncryptedFileKeyManager] Loading RSA key parameters from file D:\Blog\blog\actions-runner\.credentials_rsaparams
[2023-04-18 03:26:16Z INFO GitHubActionsService] AAD Correlation ID for this token request: Unknown
[2023-04-18 03:47:14Z INFO MessageListener] No message retrieved from session '3066875b-d08f-4d70-a45e-1e9bf760d073' within last 30 minutes.
[2023-04-18 04:17:27Z INFO MessageListener] No message retrieved from session '3066875b-d08f-4d70-a45e-1e9bf760d073' within last 30 minutes.
[2023-04-18 04:21:39Z INFO RSAEncryptedFileKeyManager] Loading RSA key parameters from file D:\Blog\blog\actions-runner\.credentials_rsaparams
[2023-04-18 04:21:40Z INFO GitHubActionsService] AAD Correlation ID for this token request: Unknown
[2023-04-18 04:47:42Z INFO MessageListener] No message retrieved from session '3066875b-d08f-4d70-a45e-1e9bf760d073' within last 30 minutes.
[2023-04-18 05:17:06Z INFO RSAEncryptedFileKeyManager] Loading RSA key parameters from file D:\Blog\blog\actions-runner\.credentials_rsaparams
[2023-04-18 05:17:07Z INFO GitHubActionsService] AAD Correlation ID for this token request: Unknown
[2023-04-18 05:17:57Z INFO MessageListener] No message retrieved from session '3066875b-d08f-4d70-a45e-1e9bf760d073' within last 30 minutes.
[2023-04-18 05:48:12Z INFO MessageListener] No message retrieved from session '3066875b-d08f-4d70-a45e-1e9bf760d073' within last 30 minutes.
[2023-04-18 06:12:33Z INFO RSAEncryptedFileKeyManager] Loading RSA key parameters from file D:\Blog\blog\actions-runner\.credentials_rsaparams
[2023-04-18 06:12:34Z INFO GitHubActionsService] AAD Correlation ID for this token request: Unknown
[2023-04-18 06:18:26Z INFO MessageListener] No message retrieved from session '3066875b-d08f-4d70-a45e-1e9bf760d073' within last 30 minutes.
[2023-04-18 06:48:38Z INFO MessageListener] No message retrieved from session '3066875b-d08f-4d70-a45e-1e9bf760d073' within last 30 minutes.
[2023-04-18 07:07:57Z INFO RSAEncryptedFileKeyManager] Loading RSA key parameters from file D:\Blog\blog\actions-runner\.credentials_rsaparams
[2023-04-18 07:07:58Z INFO GitHubActionsService] AAD Correlation ID for this token request: Unknown
[2023-04-18 07:18:52Z INFO MessageListener] No message retrieved from session '3066875b-d08f-4d70-a45e-1e9bf760d073' within last 30 minutes.
[2023-04-18 07:49:05Z INFO MessageListener] No message retrieved from session '3066875b-d08f-4d70-a45e-1e9bf760d073' within last 30 minutes.
[2023-04-18 08:03:21Z INFO RSAEncryptedFileKeyManager] Loading RSA key parameters from file D:\Blog\blog\actions-runner\.credentials_rsaparams
[2023-04-18 08:03:21Z INFO GitHubActionsService] AAD Correlation ID for this token request: Unknown
[2023-04-18 08:19:19Z INFO MessageListener] No message retrieved from session '3066875b-d08f-4d70-a45e-1e9bf760d073' within last 30 minutes.
[2023-04-18 08:49:31Z INFO MessageListener] No message retrieved from session '3066875b-d08f-4d70-a45e-1e9bf760d073' within last 30 minutes.
[2023-04-18 08:58:45Z INFO RSAEncryptedFileKeyManager] Loading RSA key parameters from file D:\Blog\blog\actions-runner\.credentials_rsaparams
[2023-04-18 08:58:45Z INFO GitHubActionsService] AAD Correlation ID for this token request: Unknown
[2023-04-18 09:19:43Z INFO MessageListener] No message retrieved from session '3066875b-d08f-4d70-a45e-1e9bf760d073' within last 30 minutes.
[2023-04-18 09:49:56Z INFO MessageListener] No message retrieved from session '3066875b-d08f-4d70-a45e-1e9bf760d073' within last 30 minutes.
[2023-04-18 09:54:08Z INFO RSAEncryptedFileKeyManager] Loading RSA key parameters from file D:\Blog\blog\actions-runner\.credentials_rsaparams
[2023-04-18 09:54:08Z INFO GitHubActionsService] AAD Correlation ID for this token request: Unknown
[2023-04-18 10:20:09Z INFO MessageListener] No message retrieved from session '3066875b-d08f-4d70-a45e-1e9bf760d073' within last 30 minutes.
[2023-04-18 10:49:32Z INFO RSAEncryptedFileKeyManager] Loading RSA key parameters from file D:\Blog\blog\actions-runner\.credentials_rsaparams
[2023-04-18 10:49:33Z INFO GitHubActionsService] AAD Correlation ID for this token request: Unknown
[2023-04-18 10:50:23Z INFO MessageListener] No message retrieved from session '3066875b-d08f-4d70-a45e-1e9bf760d073' within last 30 minutes.
[2023-04-18 11:20:35Z INFO MessageListener] No message retrieved from session '3066875b-d08f-4d70-a45e-1e9bf760d073' within last 30 minutes.
[2023-04-18 11:44:55Z INFO RSAEncryptedFileKeyManager] Loading RSA key parameters from file D:\Blog\blog\actions-runner\.credentials_rsaparams
[2023-04-18 11:44:55Z INFO GitHubActionsService] AAD Correlation ID for this token request: Unknown
[2023-04-18 11:50:48Z INFO MessageListener] No message retrieved from session '3066875b-d08f-4d70-a45e-1e9bf760d073' within last 30 minutes.
[2023-04-18 12:21:01Z INFO MessageListener] No message retrieved from session '3066875b-d08f-4d70-a45e-1e9bf760d073' within last 30 minutes.
[2023-04-18 12:40:19Z INFO RSAEncryptedFileKeyManager] Loading RSA key parameters from file D:\Blog\blog\actions-runner\.credentials_rsaparams
[2023-04-18 12:40:20Z INFO GitHubActionsService] AAD Correlation ID for this token request: Unknown
[2023-04-18 12:51:15Z INFO MessageListener] No message retrieved from session '3066875b-d08f-4d70-a45e-1e9bf760d073' within last 30 minutes.
[2023-04-18 13:21:28Z INFO MessageListener] No message retrieved from session '3066875b-d08f-4d70-a45e-1e9bf760d073' within last 30 minutes.
[2023-04-18 13:35:45Z INFO RSAEncryptedFileKeyManager] Loading RSA key parameters from file D:\Blog\blog\actions-runner\.credentials_rsaparams
[2023-04-18 13:35:46Z INFO GitHubActionsService] AAD Correlation ID for this token request: Unknown
[2023-04-18 13:51:44Z INFO MessageListener] No message retrieved from session '3066875b-d08f-4d70-a45e-1e9bf760d073' within last 30 minutes.
[2023-04-18 14:12:10Z INFO HostContext] Runner will be shutdown for UserCancelled
[2023-04-18 14:12:10Z WARN GitHubActionsService] GET request to https://pipelines.actions.githubusercontent.com/vbd6EKQARMINAVUS7ckItTttXQj8tyGcNsCx4pAfhScPJ0nv7r/_apis/distributedtask/pools/1/messages?sessionId=3066875b-d08f-4d70-a45e-1e9bf760d073&status=Online&runnerVersion=2.303.0 has been cancelled.
[2023-04-18 14:12:10Z INFO MessageListener] Get next message has been cancelled.
[2023-04-18 14:12:10Z INFO JobDispatcher] Shutting down JobDispatcher. Make sure all WorkerDispatcher has finished.
[2023-04-18 14:12:13Z INFO Listener] Runner execution been cancelled.
