[2023-04-14 00:39:47Z INFO HostContext] No proxy settings were found based on environmental variables (http_proxy/https_proxy/HTTP_PROXY/HTTPS_PROXY)
[2023-04-14 00:39:47Z INFO HostContext] Well known directory 'Bin': 'D:\Blog\blog\actions-runner\bin'
[2023-04-14 00:39:47Z INFO HostContext] Well known directory 'Root': 'D:\Blog\blog\actions-runner'
[2023-04-14 00:39:47Z INFO HostContext] Well known config file 'Credentials': 'D:\Blog\blog\actions-runner\.credentials'
[2023-04-14 00:39:47Z INFO HostContext] Well known directory 'Bin': 'D:\Blog\blog\actions-runner\bin'
[2023-04-14 00:39:47Z INFO HostContext] Well known directory 'Root': 'D:\Blog\blog\actions-runner'
[2023-04-14 00:39:47Z INFO HostContext] Well known config file 'Runner': 'D:\Blog\blog\actions-runner\.runner'
[2023-04-14 00:39:48Z INFO Listener] Runner is built for Windows (X64) - win-x64.
[2023-04-14 00:39:48Z INFO Listener] RuntimeInformation: Microsoft Windows 10.0.22621.
[2023-04-14 00:39:48Z INFO Listener] Version: 2.303.0
[2023-04-14 00:39:48Z INFO Listener] Commit: e676c7871817c1b484299cd93fabdf4b95e70741
[2023-04-14 00:39:48Z INFO Listener] Culture: zh-CN
[2023-04-14 00:39:48Z INFO Listener] UI Culture: zh-CN
[2023-04-14 00:39:48Z INFO HostContext] Well known directory 'Bin': 'D:\Blog\blog\actions-runner\bin'
[2023-04-14 00:39:48Z INFO HostContext] Well known directory 'Root': 'D:\Blog\blog\actions-runner'
[2023-04-14 00:39:48Z INFO Listener] Validating directory permissions for: 'D:\Blog\blog\actions-runner'
[2023-04-14 00:39:48Z INFO CommandLineParser] Parse
[2023-04-14 00:39:48Z INFO CommandLineParser] Parsing 3 args
[2023-04-14 00:39:48Z INFO CommandLineParser] parsing argument
[2023-04-14 00:39:48Z INFO CommandLineParser] HasArgs: False
[2023-04-14 00:39:48Z INFO CommandLineParser] Adding Command: run
[2023-04-14 00:39:48Z INFO CommandLineParser] parsing argument
[2023-04-14 00:39:48Z INFO CommandLineParser] HasArgs: True
[2023-04-14 00:39:48Z INFO CommandLineParser] arg: startuptype
[2023-04-14 00:39:48Z INFO CommandLineParser] parsing argument
[2023-04-14 00:39:48Z INFO CommandLineParser] HasArgs: True
[2023-04-14 00:39:48Z INFO CommandLineParser] Adding option 'startuptype': 'service'
[2023-04-14 00:39:48Z INFO Listener] Arguments parsed
[2023-04-14 00:39:48Z INFO Runner] ExecuteCommand
[2023-04-14 00:39:48Z INFO ConfigurationStore] currentAssemblyLocation: D:\Blog\blog\actions-runner\bin\Runner.Listener.dll
[2023-04-14 00:39:48Z INFO HostContext] Well known directory 'Bin': 'D:\Blog\blog\actions-runner\bin'
[2023-04-14 00:39:48Z INFO ConfigurationStore] binPath: D:\Blog\blog\actions-runner\bin
[2023-04-14 00:39:48Z INFO HostContext] Well known directory 'Bin': 'D:\Blog\blog\actions-runner\bin'
[2023-04-14 00:39:48Z INFO HostContext] Well known directory 'Root': 'D:\Blog\blog\actions-runner'
[2023-04-14 00:39:48Z INFO ConfigurationStore] RootFolder: D:\Blog\blog\actions-runner
[2023-04-14 00:39:48Z INFO HostContext] Well known directory 'Bin': 'D:\Blog\blog\actions-runner\bin'
[2023-04-14 00:39:48Z INFO HostContext] Well known directory 'Root': 'D:\Blog\blog\actions-runner'
[2023-04-14 00:39:48Z INFO HostContext] Well known config file 'Runner': 'D:\Blog\blog\actions-runner\.runner'
[2023-04-14 00:39:48Z INFO ConfigurationStore] ConfigFilePath: D:\Blog\blog\actions-runner\.runner
[2023-04-14 00:39:48Z INFO HostContext] Well known directory 'Bin': 'D:\Blog\blog\actions-runner\bin'
[2023-04-14 00:39:48Z INFO HostContext] Well known directory 'Root': 'D:\Blog\blog\actions-runner'
[2023-04-14 00:39:48Z INFO HostContext] Well known config file 'Credentials': 'D:\Blog\blog\actions-runner\.credentials'
[2023-04-14 00:39:48Z INFO ConfigurationStore] CredFilePath: D:\Blog\blog\actions-runner\.credentials
[2023-04-14 00:39:48Z INFO HostContext] Well known directory 'Bin': 'D:\Blog\blog\actions-runner\bin'
[2023-04-14 00:39:48Z INFO HostContext] Well known directory 'Root': 'D:\Blog\blog\actions-runner'
[2023-04-14 00:39:48Z INFO HostContext] Well known config file 'MigratedCredentials': 'D:\Blog\blog\actions-runner\.credentials_migrated'
[2023-04-14 00:39:48Z INFO ConfigurationStore] MigratedCredFilePath: D:\Blog\blog\actions-runner\.credentials_migrated
[2023-04-14 00:39:48Z INFO HostContext] Well known directory 'Bin': 'D:\Blog\blog\actions-runner\bin'
[2023-04-14 00:39:48Z INFO HostContext] Well known directory 'Root': 'D:\Blog\blog\actions-runner'
[2023-04-14 00:39:48Z INFO HostContext] Well known config file 'Service': 'D:\Blog\blog\actions-runner\.service'
[2023-04-14 00:39:48Z INFO ConfigurationStore] ServiceConfigFilePath: D:\Blog\blog\actions-runner\.service
[2023-04-14 00:39:48Z INFO CommandSettings] Flag 'help': 'False'
[2023-04-14 00:39:48Z INFO CommandSettings] Flag 'version': 'False'
[2023-04-14 00:39:48Z INFO CommandSettings] Flag 'commit': 'False'
[2023-04-14 00:39:48Z INFO CommandSettings] Flag 'check': 'False'
[2023-04-14 00:39:48Z INFO CommandSettings] Command 'configure': 'False'
[2023-04-14 00:39:48Z INFO CommandSettings] Command 'remove': 'False'
[2023-04-14 00:39:48Z INFO CommandSettings] Command 'warmup': 'False'
[2023-04-14 00:39:48Z INFO ConfigurationManager] LoadSettings
[2023-04-14 00:39:48Z INFO ConfigurationStore] IsConfigured()
[2023-04-14 00:39:48Z INFO ConfigurationStore] IsConfigured: True
[2023-04-14 00:39:48Z INFO ConfigurationManager] Is configured: True
[2023-04-14 00:39:48Z INFO ConfigurationStore] Read setting file: 299 chars
[2023-04-14 00:39:48Z INFO ConfigurationManager] Settings Loaded
[2023-04-14 00:39:48Z INFO ConfigurationStore] IsServiceConfigured()
[2023-04-14 00:39:48Z INFO ConfigurationStore] IsServiceConfigured: True
[2023-04-14 00:39:48Z INFO CommandSettings] Command 'run': 'True'
[2023-04-14 00:39:48Z INFO ConfigurationStore] IsConfigured()
[2023-04-14 00:39:48Z INFO ConfigurationStore] IsConfigured: True
[2023-04-14 00:39:48Z INFO ConfigurationManager] Is configured: True
[2023-04-14 00:39:48Z INFO Runner] Set runner startup type - Service
[2023-04-14 00:39:48Z INFO CommandSettings] Flag 'once': 'False'
[2023-04-14 00:39:48Z INFO CommandSettings] Flag 'once': 'False'
[2023-04-14 00:39:48Z INFO Runner] RunAsync
[2023-04-14 00:39:48Z INFO ConfigurationManager] LoadSettings
[2023-04-14 00:39:48Z INFO ConfigurationStore] IsConfigured()
[2023-04-14 00:39:48Z INFO ConfigurationStore] IsConfigured: True
[2023-04-14 00:39:48Z INFO ConfigurationManager] Is configured: True
[2023-04-14 00:39:48Z INFO ConfigurationManager] Settings Loaded
[2023-04-14 00:39:48Z INFO MessageListener] {
  "AgentId": 24,
  "AgentName": "BanDao",
  "PoolId": 1,
  "PoolName": "Default",
  "ServerUrl": "https://pipelines.actions.githubusercontent.com/vbd6EKQARMINAVUS7ckItTttXQj8tyGcNsCx4pAfhScPJ0nv7r",
  "GitHubUrl": "https://github.com/BanDaobd/BanDaobd.github.io",
  "WorkFolder": "_work"
}
[2023-04-14 00:39:48Z INFO MessageListener] Loading Credentials
[2023-04-14 00:39:48Z INFO ConfigurationStore] HasCredentials()
[2023-04-14 00:39:48Z INFO ConfigurationStore] stored True
[2023-04-14 00:39:48Z INFO CredentialManager] GetCredentialProvider
[2023-04-14 00:39:48Z INFO CredentialManager] Creating type OAuth
[2023-04-14 00:39:48Z INFO CredentialManager] Creating credential type: OAuth
[2023-04-14 00:39:48Z INFO HostContext] Well known directory 'Bin': 'D:\Blog\blog\actions-runner\bin'
[2023-04-14 00:39:48Z INFO HostContext] Well known directory 'Root': 'D:\Blog\blog\actions-runner'
[2023-04-14 00:39:48Z INFO HostContext] Well known config file 'RSACredentials': 'D:\Blog\blog\actions-runner\.credentials_rsaparams'
[2023-04-14 00:39:48Z INFO RSAEncryptedFileKeyManager] Loading RSA key parameters from file D:\Blog\blog\actions-runner\.credentials_rsaparams
[2023-04-14 00:39:48Z INFO MessageListener] Attempt to create session.
[2023-04-14 00:39:48Z INFO MessageListener] Connecting to the Runner Server...
[2023-04-14 00:39:48Z INFO RunnerServer] EstablishVssConnection
[2023-04-14 00:39:48Z INFO RunnerServer] Establish connection with 100 seconds timeout.
[2023-04-14 00:39:48Z INFO GitHubActionsService] Starting operation Location.GetConnectionData
[2023-04-14 00:39:48Z INFO RunnerServer] EstablishVssConnection
[2023-04-14 00:39:48Z INFO RunnerServer] Establish connection with 60 seconds timeout.
[2023-04-14 00:39:48Z INFO GitHubActionsService] Starting operation Location.GetConnectionData
[2023-04-14 00:39:48Z INFO RunnerServer] EstablishVssConnection
[2023-04-14 00:39:48Z INFO RunnerServer] Establish connection with 60 seconds timeout.
[2023-04-14 00:39:48Z INFO GitHubActionsService] Starting operation Location.GetConnectionData
[2023-04-14 00:39:49Z INFO GitHubActionsService] Finished operation Location.GetConnectionData
[2023-04-14 00:39:49Z INFO GitHubActionsService] Finished operation Location.GetConnectionData
[2023-04-14 00:39:49Z INFO GitHubActionsService] Finished operation Location.GetConnectionData
[2023-04-14 00:39:50Z INFO MessageListener] VssConnection created
[2023-04-14 00:39:50Z INFO Terminal] WRITE LINE: 
[2023-04-14 00:39:50Z INFO Terminal] WRITE LINE: 
[2023-04-14 00:39:50Z INFO RSAEncryptedFileKeyManager] Loading RSA key parameters from file D:\Blog\blog\actions-runner\.credentials_rsaparams
[2023-04-14 00:39:50Z INFO RSAEncryptedFileKeyManager] Loading RSA key parameters from file D:\Blog\blog\actions-runner\.credentials_rsaparams
[2023-04-14 00:39:51Z INFO GitHubActionsService] AAD Correlation ID for this token request: Unknown
[2023-04-14 00:39:51Z INFO MessageListener] Session created.
[2023-04-14 00:39:51Z INFO Terminal] WRITE LINE: Current runner version: '2.303.0'
[2023-04-14 00:39:51Z INFO Terminal] WRITE LINE: 2023-04-14 00:39:51Z: Listening for Jobs
[2023-04-14 00:39:51Z INFO JobDispatcher] Set runner/worker IPC timeout to 30 seconds.
[2023-04-14 01:10:02Z INFO MessageListener] No message retrieved from session 'c45aa05d-a84f-43b5-b0fd-b248c60ca28b' within last 30 minutes.
[2023-04-14 01:35:13Z INFO RSAEncryptedFileKeyManager] Loading RSA key parameters from file D:\Blog\blog\actions-runner\.credentials_rsaparams
[2023-04-14 01:35:13Z INFO GitHubActionsService] AAD Correlation ID for this token request: Unknown
[2023-04-14 01:40:16Z INFO MessageListener] No message retrieved from session 'c45aa05d-a84f-43b5-b0fd-b248c60ca28b' within last 30 minutes.
[2023-04-14 02:10:30Z INFO MessageListener] No message retrieved from session 'c45aa05d-a84f-43b5-b0fd-b248c60ca28b' within last 30 minutes.
[2023-04-14 02:30:37Z INFO RSAEncryptedFileKeyManager] Loading RSA key parameters from file D:\Blog\blog\actions-runner\.credentials_rsaparams
[2023-04-14 02:30:37Z INFO GitHubActionsService] AAD Correlation ID for this token request: Unknown
[2023-04-14 02:40:42Z INFO MessageListener] No message retrieved from session 'c45aa05d-a84f-43b5-b0fd-b248c60ca28b' within last 30 minutes.
[2023-04-14 03:10:54Z INFO MessageListener] No message retrieved from session 'c45aa05d-a84f-43b5-b0fd-b248c60ca28b' within last 30 minutes.
[2023-04-14 03:16:38Z WARN GitHubActionsService] GET request to https://pipelines.actions.githubusercontent.com/vbd6EKQARMINAVUS7ckItTttXQj8tyGcNsCx4pAfhScPJ0nv7r/_apis/distributedtask/pools/1/messages?sessionId=c45aa05d-a84f-43b5-b0fd-b248c60ca28b&status=Online&runnerVersion=2.303.0 timed out after 60 seconds.
[2023-04-14 03:16:38Z ERR  MessageListener] Catch exception during get next message.
[2023-04-14 03:16:38Z ERR  MessageListener] System.TimeoutException: The HTTP request timed out after 00:01:00.
 ---> System.Threading.Tasks.TaskCanceledException: The operation was canceled.
 ---> System.IO.IOException: Unable to read data from the transport connection: 由于线程退出或应用程序请求，已中止 I/O 操作。.
 ---> System.Net.Sockets.SocketException (995): 由于线程退出或应用程序请求，已中止 I/O 操作。
   --- End of inner exception stack trace ---
   at System.Net.Sockets.Socket.AwaitableSocketAsyncEventArgs.ThrowException(SocketError error, CancellationToken cancellationToken)
   at System.Net.Sockets.Socket.AwaitableSocketAsyncEventArgs.System.Threading.Tasks.Sources.IValueTaskSource<System.Int32>.GetResult(Int16 token)
   at System.Net.Security.SslStream.EnsureFullTlsFrameAsync[TIOAdapter](TIOAdapter adapter)
   at System.Net.Security.SslStream.ReadAsyncInternal[TIOAdapter](TIOAdapter adapter, Memory`1 buffer)
   at System.Net.Http.HttpConnection.SendAsyncCore(HttpRequestMessage request, Boolean async, CancellationToken cancellationToken)
   --- End of inner exception stack trace ---
   at System.Net.Http.HttpConnection.SendAsyncCore(HttpRequestMessage request, Boolean async, CancellationToken cancellationToken)
   at System.Net.Http.AuthenticationHelper.SendWithNtAuthAsync(HttpRequestMessage request, Uri authUri, Boolean async, ICredentials credentials, Boolean isProxyAuth, HttpConnection connection, HttpConnectionPool connectionPool, CancellationToken cancellationToken)
   at System.Net.Http.HttpConnectionPool.SendWithVersionDetectionAndRetryAsync(HttpRequestMessage request, Boolean async, Boolean doRequestAuth, CancellationToken cancellationToken)
   at System.Net.Http.AuthenticationHelper.SendWithAuthAsync(HttpRequestMessage request, Uri authUri, Boolean async, ICredentials credentials, Boolean preAuthenticate, Boolean isProxyAuth, Boolean doRequestAuth, HttpConnectionPool pool, CancellationToken cancellationToken)
   at System.Net.Http.DecompressionHandler.SendAsync(HttpRequestMessage request, Boolean async, CancellationToken cancellationToken)
   at GitHub.Services.Common.VssHttpMessageHandler.SendAsync(HttpRequestMessage request, CancellationToken cancellationToken)
   --- End of inner exception stack trace ---
   at GitHub.Services.Common.VssHttpMessageHandler.SendAsync(HttpRequestMessage request, CancellationToken cancellationToken)
   at GitHub.Services.Common.VssHttpRetryMessageHandler.SendAsync(HttpRequestMessage request, CancellationToken cancellationToken)
   at System.Net.Http.HttpClient.<SendAsync>g__Core|83_0(HttpRequestMessage request, HttpCompletionOption completionOption, CancellationTokenSource cts, Boolean disposeCts, CancellationTokenSource pendingRequestsCts, CancellationToken originalCancellationToken)
   at GitHub.Services.WebApi.VssHttpClientBase.SendAsync(HttpRequestMessage message, HttpCompletionOption completionOption, Object userState, CancellationToken cancellationToken)
   at GitHub.Services.WebApi.VssHttpClientBase.SendAsync[T](HttpRequestMessage message, Object userState, CancellationToken cancellationToken)
   at GitHub.Services.WebApi.VssHttpClientBase.SendAsync[T](HttpMethod method, IEnumerable`1 additionalHeaders, Guid locationId, Object routeValues, ApiResourceVersion version, HttpContent content, IEnumerable`1 queryParameters, Object userState, CancellationToken cancellationToken)
   at GitHub.Runner.Listener.MessageListener.GetNextMessageAsync(CancellationToken token)
[2023-04-14 03:16:38Z ERR  MessageListener] #####################################################
[2023-04-14 03:16:38Z ERR  MessageListener] System.Threading.Tasks.TaskCanceledException: The operation was canceled.
 ---> System.IO.IOException: Unable to read data from the transport connection: 由于线程退出或应用程序请求，已中止 I/O 操作。.
 ---> System.Net.Sockets.SocketException (995): 由于线程退出或应用程序请求，已中止 I/O 操作。
   --- End of inner exception stack trace ---
   at System.Net.Sockets.Socket.AwaitableSocketAsyncEventArgs.ThrowException(SocketError error, CancellationToken cancellationToken)
   at System.Net.Sockets.Socket.AwaitableSocketAsyncEventArgs.System.Threading.Tasks.Sources.IValueTaskSource<System.Int32>.GetResult(Int16 token)
   at System.Net.Security.SslStream.EnsureFullTlsFrameAsync[TIOAdapter](TIOAdapter adapter)
   at System.Net.Security.SslStream.ReadAsyncInternal[TIOAdapter](TIOAdapter adapter, Memory`1 buffer)
   at System.Net.Http.HttpConnection.SendAsyncCore(HttpRequestMessage request, Boolean async, CancellationToken cancellationToken)
   --- End of inner exception stack trace ---
   at System.Net.Http.HttpConnection.SendAsyncCore(HttpRequestMessage request, Boolean async, CancellationToken cancellationToken)
   at System.Net.Http.AuthenticationHelper.SendWithNtAuthAsync(HttpRequestMessage request, Uri authUri, Boolean async, ICredentials credentials, Boolean isProxyAuth, HttpConnection connection, HttpConnectionPool connectionPool, CancellationToken cancellationToken)
   at System.Net.Http.HttpConnectionPool.SendWithVersionDetectionAndRetryAsync(HttpRequestMessage request, Boolean async, Boolean doRequestAuth, CancellationToken cancellationToken)
   at System.Net.Http.AuthenticationHelper.SendWithAuthAsync(HttpRequestMessage request, Uri authUri, Boolean async, ICredentials credentials, Boolean preAuthenticate, Boolean isProxyAuth, Boolean doRequestAuth, HttpConnectionPool pool, CancellationToken cancellationToken)
   at System.Net.Http.DecompressionHandler.SendAsync(HttpRequestMessage request, Boolean async, CancellationToken cancellationToken)
   at GitHub.Services.Common.VssHttpMessageHandler.SendAsync(HttpRequestMessage request, CancellationToken cancellationToken)
[2023-04-14 03:16:38Z ERR  MessageListener] #####################################################
[2023-04-14 03:16:38Z ERR  MessageListener] System.IO.IOException: Unable to read data from the transport connection: 由于线程退出或应用程序请求，已中止 I/O 操作。.
 ---> System.Net.Sockets.SocketException (995): 由于线程退出或应用程序请求，已中止 I/O 操作。
   --- End of inner exception stack trace ---
   at System.Net.Sockets.Socket.AwaitableSocketAsyncEventArgs.ThrowException(SocketError error, CancellationToken cancellationToken)
   at System.Net.Sockets.Socket.AwaitableSocketAsyncEventArgs.System.Threading.Tasks.Sources.IValueTaskSource<System.Int32>.GetResult(Int16 token)
   at System.Net.Security.SslStream.EnsureFullTlsFrameAsync[TIOAdapter](TIOAdapter adapter)
   at System.Net.Security.SslStream.ReadAsyncInternal[TIOAdapter](TIOAdapter adapter, Memory`1 buffer)
   at System.Net.Http.HttpConnection.SendAsyncCore(HttpRequestMessage request, Boolean async, CancellationToken cancellationToken)
[2023-04-14 03:16:38Z ERR  MessageListener] #####################################################
[2023-04-14 03:16:38Z ERR  MessageListener] System.Net.Sockets.SocketException (995): 由于线程退出或应用程序请求，已中止 I/O 操作。
[2023-04-14 03:16:38Z INFO MessageListener] Retriable exception: The HTTP request timed out after 00:01:00.
[2023-04-14 03:16:38Z ERR  Terminal] WRITE ERROR: 2023-04-14 03:16:38Z: Runner connect error: The HTTP request timed out after 00:01:00.. Retrying until reconnected.
[2023-04-14 03:16:38Z INFO RunnerServer] Refresh MessageQueue VssConnection to get on a different AFD node.
[2023-04-14 03:16:38Z INFO RunnerServer] EstablishVssConnection
[2023-04-14 03:16:38Z INFO RunnerServer] Establish connection with 60 seconds timeout.
[2023-04-14 03:16:38Z INFO GitHubActionsService] Starting operation Location.GetConnectionData
[2023-04-14 03:16:39Z INFO GitHubActionsService] Finished operation Location.GetConnectionData
[2023-04-14 03:16:39Z INFO MessageListener] Sleeping for 25.893 seconds before retrying.
[2023-04-14 03:17:55Z INFO Terminal] WRITE LINE: 2023-04-14 03:17:55Z: Runner reconnected.
[2023-04-14 03:26:18Z INFO RSAEncryptedFileKeyManager] Loading RSA key parameters from file D:\Blog\blog\actions-runner\.credentials_rsaparams
[2023-04-14 03:26:19Z INFO GitHubActionsService] AAD Correlation ID for this token request: Unknown
[2023-04-14 03:41:24Z INFO MessageListener] No message retrieved from session 'c45aa05d-a84f-43b5-b0fd-b248c60ca28b' within last 30 minutes.
[2023-04-14 04:11:34Z INFO MessageListener] No message retrieved from session 'c45aa05d-a84f-43b5-b0fd-b248c60ca28b' within last 30 minutes.
[2023-04-14 04:21:39Z INFO RSAEncryptedFileKeyManager] Loading RSA key parameters from file D:\Blog\blog\actions-runner\.credentials_rsaparams
[2023-04-14 04:21:39Z INFO GitHubActionsService] AAD Correlation ID for this token request: Unknown
[2023-04-14 04:41:47Z INFO MessageListener] No message retrieved from session 'c45aa05d-a84f-43b5-b0fd-b248c60ca28b' within last 30 minutes.
[2023-04-14 05:11:58Z INFO MessageListener] No message retrieved from session 'c45aa05d-a84f-43b5-b0fd-b248c60ca28b' within last 30 minutes.
[2023-04-14 05:17:00Z INFO RSAEncryptedFileKeyManager] Loading RSA key parameters from file D:\Blog\blog\actions-runner\.credentials_rsaparams
[2023-04-14 05:17:01Z INFO GitHubActionsService] AAD Correlation ID for this token request: Unknown
[2023-04-14 05:42:10Z INFO MessageListener] No message retrieved from session 'c45aa05d-a84f-43b5-b0fd-b248c60ca28b' within last 30 minutes.
[2023-04-14 06:12:21Z INFO MessageListener] No message retrieved from session 'c45aa05d-a84f-43b5-b0fd-b248c60ca28b' within last 30 minutes.
[2023-04-14 06:12:22Z INFO RSAEncryptedFileKeyManager] Loading RSA key parameters from file D:\Blog\blog\actions-runner\.credentials_rsaparams
[2023-04-14 06:12:22Z INFO GitHubActionsService] AAD Correlation ID for this token request: Unknown
[2023-04-14 06:42:34Z INFO MessageListener] No message retrieved from session 'c45aa05d-a84f-43b5-b0fd-b248c60ca28b' within last 30 minutes.
[2023-04-14 07:07:44Z INFO RSAEncryptedFileKeyManager] Loading RSA key parameters from file D:\Blog\blog\actions-runner\.credentials_rsaparams
[2023-04-14 07:07:45Z INFO GitHubActionsService] AAD Correlation ID for this token request: Unknown
[2023-04-14 07:12:46Z INFO MessageListener] No message retrieved from session 'c45aa05d-a84f-43b5-b0fd-b248c60ca28b' within last 30 minutes.
[2023-04-14 07:42:58Z INFO MessageListener] No message retrieved from session 'c45aa05d-a84f-43b5-b0fd-b248c60ca28b' within last 30 minutes.
[2023-04-14 08:03:07Z INFO RSAEncryptedFileKeyManager] Loading RSA key parameters from file D:\Blog\blog\actions-runner\.credentials_rsaparams
[2023-04-14 08:03:08Z INFO GitHubActionsService] AAD Correlation ID for this token request: Unknown
[2023-04-14 08:13:12Z INFO MessageListener] No message retrieved from session 'c45aa05d-a84f-43b5-b0fd-b248c60ca28b' within last 30 minutes.
[2023-04-14 08:43:26Z INFO MessageListener] No message retrieved from session 'c45aa05d-a84f-43b5-b0fd-b248c60ca28b' within last 30 minutes.
[2023-04-14 08:58:32Z INFO RSAEncryptedFileKeyManager] Loading RSA key parameters from file D:\Blog\blog\actions-runner\.credentials_rsaparams
[2023-04-14 08:58:32Z INFO GitHubActionsService] AAD Correlation ID for this token request: Unknown
[2023-04-14 09:13:37Z INFO MessageListener] No message retrieved from session 'c45aa05d-a84f-43b5-b0fd-b248c60ca28b' within last 30 minutes.
[2023-04-14 09:43:49Z INFO MessageListener] No message retrieved from session 'c45aa05d-a84f-43b5-b0fd-b248c60ca28b' within last 30 minutes.
[2023-04-14 09:53:53Z INFO RSAEncryptedFileKeyManager] Loading RSA key parameters from file D:\Blog\blog\actions-runner\.credentials_rsaparams
[2023-04-14 09:53:53Z INFO GitHubActionsService] AAD Correlation ID for this token request: Unknown
[2023-04-14 10:14:02Z INFO MessageListener] No message retrieved from session 'c45aa05d-a84f-43b5-b0fd-b248c60ca28b' within last 30 minutes.
[2023-04-14 10:44:14Z INFO MessageListener] No message retrieved from session 'c45aa05d-a84f-43b5-b0fd-b248c60ca28b' within last 30 minutes.
[2023-04-14 10:49:17Z INFO RSAEncryptedFileKeyManager] Loading RSA key parameters from file D:\Blog\blog\actions-runner\.credentials_rsaparams
[2023-04-14 10:49:18Z INFO GitHubActionsService] AAD Correlation ID for this token request: Unknown
[2023-04-14 11:14:28Z INFO MessageListener] No message retrieved from session 'c45aa05d-a84f-43b5-b0fd-b248c60ca28b' within last 30 minutes.
[2023-04-14 11:44:37Z INFO MessageListener] No message retrieved from session 'c45aa05d-a84f-43b5-b0fd-b248c60ca28b' within last 30 minutes.
[2023-04-14 11:44:37Z INFO RSAEncryptedFileKeyManager] Loading RSA key parameters from file D:\Blog\blog\actions-runner\.credentials_rsaparams
[2023-04-14 11:44:38Z INFO GitHubActionsService] AAD Correlation ID for this token request: Unknown
[2023-04-14 12:14:51Z INFO MessageListener] No message retrieved from session 'c45aa05d-a84f-43b5-b0fd-b248c60ca28b' within last 30 minutes.
[2023-04-14 12:40:03Z INFO RSAEncryptedFileKeyManager] Loading RSA key parameters from file D:\Blog\blog\actions-runner\.credentials_rsaparams
[2023-04-14 12:40:03Z INFO GitHubActionsService] AAD Correlation ID for this token request: Unknown
[2023-04-14 12:45:06Z INFO MessageListener] No message retrieved from session 'c45aa05d-a84f-43b5-b0fd-b248c60ca28b' within last 30 minutes.
[2023-04-14 13:15:18Z INFO MessageListener] No message retrieved from session 'c45aa05d-a84f-43b5-b0fd-b248c60ca28b' within last 30 minutes.
[2023-04-14 13:35:27Z INFO RSAEncryptedFileKeyManager] Loading RSA key parameters from file D:\Blog\blog\actions-runner\.credentials_rsaparams
[2023-04-14 13:35:28Z INFO GitHubActionsService] AAD Correlation ID for this token request: Unknown
[2023-04-14 13:45:32Z INFO MessageListener] No message retrieved from session 'c45aa05d-a84f-43b5-b0fd-b248c60ca28b' within last 30 minutes.
[2023-04-14 14:15:46Z INFO MessageListener] No message retrieved from session 'c45aa05d-a84f-43b5-b0fd-b248c60ca28b' within last 30 minutes.
[2023-04-14 14:30:52Z INFO RSAEncryptedFileKeyManager] Loading RSA key parameters from file D:\Blog\blog\actions-runner\.credentials_rsaparams
[2023-04-14 14:30:53Z INFO GitHubActionsService] AAD Correlation ID for this token request: Unknown
[2023-04-14 17:31:07Z WARN GitHubActionsService] Attempt 1 of GET request to https://pipelines.actions.githubusercontent.com/vbd6EKQARMINAVUS7ckItTttXQj8tyGcNsCx4pAfhScPJ0nv7r/_apis/distributedtask/pools/1/messages?sessionId=c45aa05d-a84f-43b5-b0fd-b248c60ca28b&status=Online&runnerVersion=2.303.0 failed (Socket Error: ConnectionAborted). The operation will be retried in 11.039 seconds.
[2023-04-15 00:12:42Z INFO RSAEncryptedFileKeyManager] Loading RSA key parameters from file D:\Blog\blog\actions-runner\.credentials_rsaparams
[2023-04-15 00:12:43Z INFO GitHubActionsService] AAD Correlation ID for this token request: Unknown
[2023-04-15 00:13:34Z INFO MessageListener] No message retrieved from session 'c45aa05d-a84f-43b5-b0fd-b248c60ca28b' within last 30 minutes.
[2023-04-15 00:43:47Z INFO MessageListener] No message retrieved from session 'c45aa05d-a84f-43b5-b0fd-b248c60ca28b' within last 30 minutes.
[2023-04-15 01:08:07Z INFO RSAEncryptedFileKeyManager] Loading RSA key parameters from file D:\Blog\blog\actions-runner\.credentials_rsaparams
[2023-04-15 01:08:13Z INFO GitHubActionsService] AAD Correlation ID for this token request: Unknown
[2023-04-15 01:08:13Z WARN GitHubActionsService] Retrieving an AAD auth token took a long time (5.6980795 seconds)
[2023-04-15 01:14:06Z INFO MessageListener] No message retrieved from session 'c45aa05d-a84f-43b5-b0fd-b248c60ca28b' within last 30 minutes.
[2023-04-15 01:44:18Z INFO MessageListener] No message retrieved from session 'c45aa05d-a84f-43b5-b0fd-b248c60ca28b' within last 30 minutes.
[2023-04-15 02:03:37Z INFO RSAEncryptedFileKeyManager] Loading RSA key parameters from file D:\Blog\blog\actions-runner\.credentials_rsaparams
[2023-04-15 02:03:38Z INFO GitHubActionsService] AAD Correlation ID for this token request: Unknown
[2023-04-15 02:14:32Z INFO MessageListener] No message retrieved from session 'c45aa05d-a84f-43b5-b0fd-b248c60ca28b' within last 30 minutes.
[2023-04-15 02:44:45Z INFO MessageListener] No message retrieved from session 'c45aa05d-a84f-43b5-b0fd-b248c60ca28b' within last 30 minutes.
[2023-04-15 02:59:01Z INFO RSAEncryptedFileKeyManager] Loading RSA key parameters from file D:\Blog\blog\actions-runner\.credentials_rsaparams
[2023-04-15 02:59:01Z INFO GitHubActionsService] AAD Correlation ID for this token request: Unknown
[2023-04-15 03:14:57Z INFO MessageListener] No message retrieved from session 'c45aa05d-a84f-43b5-b0fd-b248c60ca28b' within last 30 minutes.
[2023-04-15 03:45:09Z INFO MessageListener] No message retrieved from session 'c45aa05d-a84f-43b5-b0fd-b248c60ca28b' within last 30 minutes.
[2023-04-15 03:54:24Z INFO RSAEncryptedFileKeyManager] Loading RSA key parameters from file D:\Blog\blog\actions-runner\.credentials_rsaparams
[2023-04-15 03:54:25Z INFO GitHubActionsService] AAD Correlation ID for this token request: Unknown
[2023-04-15 04:15:25Z INFO MessageListener] No message retrieved from session 'c45aa05d-a84f-43b5-b0fd-b248c60ca28b' within last 30 minutes.
[2023-04-15 04:45:38Z INFO MessageListener] No message retrieved from session 'c45aa05d-a84f-43b5-b0fd-b248c60ca28b' within last 30 minutes.
[2023-04-15 04:49:50Z INFO RSAEncryptedFileKeyManager] Loading RSA key parameters from file D:\Blog\blog\actions-runner\.credentials_rsaparams
[2023-04-15 04:49:51Z INFO GitHubActionsService] AAD Correlation ID for this token request: Unknown
[2023-04-15 05:15:52Z INFO MessageListener] No message retrieved from session 'c45aa05d-a84f-43b5-b0fd-b248c60ca28b' within last 30 minutes.
[2023-04-15 05:45:15Z INFO RSAEncryptedFileKeyManager] Loading RSA key parameters from file D:\Blog\blog\actions-runner\.credentials_rsaparams
[2023-04-15 05:45:16Z INFO GitHubActionsService] AAD Correlation ID for this token request: Unknown
[2023-04-15 05:46:06Z INFO MessageListener] No message retrieved from session 'c45aa05d-a84f-43b5-b0fd-b248c60ca28b' within last 30 minutes.
[2023-04-15 06:16:20Z INFO MessageListener] No message retrieved from session 'c45aa05d-a84f-43b5-b0fd-b248c60ca28b' within last 30 minutes.
[2023-04-15 06:40:40Z INFO RSAEncryptedFileKeyManager] Loading RSA key parameters from file D:\Blog\blog\actions-runner\.credentials_rsaparams
[2023-04-15 06:40:41Z INFO GitHubActionsService] AAD Correlation ID for this token request: Unknown
[2023-04-15 06:46:34Z INFO MessageListener] No message retrieved from session 'c45aa05d-a84f-43b5-b0fd-b248c60ca28b' within last 30 minutes.
[2023-04-15 07:16:45Z INFO MessageListener] No message retrieved from session 'c45aa05d-a84f-43b5-b0fd-b248c60ca28b' within last 30 minutes.
[2023-04-15 07:36:03Z INFO RSAEncryptedFileKeyManager] Loading RSA key parameters from file D:\Blog\blog\actions-runner\.credentials_rsaparams
[2023-04-15 07:36:03Z INFO GitHubActionsService] AAD Correlation ID for this token request: Unknown
[2023-04-15 07:46:58Z INFO MessageListener] No message retrieved from session 'c45aa05d-a84f-43b5-b0fd-b248c60ca28b' within last 30 minutes.
[2023-04-15 08:17:10Z INFO MessageListener] No message retrieved from session 'c45aa05d-a84f-43b5-b0fd-b248c60ca28b' within last 30 minutes.
[2023-04-15 08:31:25Z INFO RSAEncryptedFileKeyManager] Loading RSA key parameters from file D:\Blog\blog\actions-runner\.credentials_rsaparams
[2023-04-15 08:31:26Z INFO GitHubActionsService] AAD Correlation ID for this token request: Unknown
[2023-04-15 08:47:23Z INFO MessageListener] No message retrieved from session 'c45aa05d-a84f-43b5-b0fd-b248c60ca28b' within last 30 minutes.
[2023-04-15 09:17:36Z INFO MessageListener] No message retrieved from session 'c45aa05d-a84f-43b5-b0fd-b248c60ca28b' within last 30 minutes.
[2023-04-15 09:26:51Z INFO RSAEncryptedFileKeyManager] Loading RSA key parameters from file D:\Blog\blog\actions-runner\.credentials_rsaparams
[2023-04-15 09:26:51Z INFO GitHubActionsService] AAD Correlation ID for this token request: Unknown
[2023-04-15 09:47:49Z INFO MessageListener] No message retrieved from session 'c45aa05d-a84f-43b5-b0fd-b248c60ca28b' within last 30 minutes.
[2023-04-15 10:18:01Z INFO MessageListener] No message retrieved from session 'c45aa05d-a84f-43b5-b0fd-b248c60ca28b' within last 30 minutes.
[2023-04-15 10:22:13Z INFO RSAEncryptedFileKeyManager] Loading RSA key parameters from file D:\Blog\blog\actions-runner\.credentials_rsaparams
[2023-04-15 10:22:14Z INFO GitHubActionsService] AAD Correlation ID for this token request: Unknown
[2023-04-15 10:48:14Z INFO MessageListener] No message retrieved from session 'c45aa05d-a84f-43b5-b0fd-b248c60ca28b' within last 30 minutes.
[2023-04-15 11:17:36Z INFO RSAEncryptedFileKeyManager] Loading RSA key parameters from file D:\Blog\blog\actions-runner\.credentials_rsaparams
[2023-04-15 11:17:37Z INFO GitHubActionsService] AAD Correlation ID for this token request: Unknown
[2023-04-15 11:18:27Z INFO MessageListener] No message retrieved from session 'c45aa05d-a84f-43b5-b0fd-b248c60ca28b' within last 30 minutes.
[2023-04-15 11:48:39Z INFO MessageListener] No message retrieved from session 'c45aa05d-a84f-43b5-b0fd-b248c60ca28b' within last 30 minutes.
[2023-04-15 12:12:57Z INFO RSAEncryptedFileKeyManager] Loading RSA key parameters from file D:\Blog\blog\actions-runner\.credentials_rsaparams
[2023-04-15 12:12:59Z INFO GitHubActionsService] AAD Correlation ID for this token request: Unknown
[2023-04-15 12:18:52Z INFO MessageListener] No message retrieved from session 'c45aa05d-a84f-43b5-b0fd-b248c60ca28b' within last 30 minutes.
[2023-04-15 12:49:03Z INFO MessageListener] No message retrieved from session 'c45aa05d-a84f-43b5-b0fd-b248c60ca28b' within last 30 minutes.
[2023-04-15 13:08:22Z INFO RSAEncryptedFileKeyManager] Loading RSA key parameters from file D:\Blog\blog\actions-runner\.credentials_rsaparams
[2023-04-15 13:08:22Z INFO GitHubActionsService] AAD Correlation ID for this token request: Unknown
[2023-04-15 13:19:17Z INFO MessageListener] No message retrieved from session 'c45aa05d-a84f-43b5-b0fd-b248c60ca28b' within last 30 minutes.
[2023-04-15 13:50:29Z WARN GitHubActionsService] GET request to https://pipelines.actions.githubusercontent.com/vbd6EKQARMINAVUS7ckItTttXQj8tyGcNsCx4pAfhScPJ0nv7r/_apis/distributedtask/pools/1/messages?sessionId=c45aa05d-a84f-43b5-b0fd-b248c60ca28b&status=Online&runnerVersion=2.303.0 timed out after 60 seconds.
[2023-04-15 13:50:29Z ERR  MessageListener] Catch exception during get next message.
[2023-04-15 13:50:29Z ERR  MessageListener] System.TimeoutException: The HTTP request timed out after 00:01:00.
 ---> System.Threading.Tasks.TaskCanceledException: The operation was canceled.
 ---> System.IO.IOException: Unable to read data from the transport connection: 由于线程退出或应用程序请求，已中止 I/O 操作。.
 ---> System.Net.Sockets.SocketException (995): 由于线程退出或应用程序请求，已中止 I/O 操作。
   --- End of inner exception stack trace ---
   at System.Net.Sockets.Socket.AwaitableSocketAsyncEventArgs.ThrowException(SocketError error, CancellationToken cancellationToken)
   at System.Net.Sockets.Socket.AwaitableSocketAsyncEventArgs.System.Threading.Tasks.Sources.IValueTaskSource<System.Int32>.GetResult(Int16 token)
   at System.Net.Security.SslStream.EnsureFullTlsFrameAsync[TIOAdapter](TIOAdapter adapter)
   at System.Net.Security.SslStream.ReadAsyncInternal[TIOAdapter](TIOAdapter adapter, Memory`1 buffer)
   at System.Net.Http.HttpConnection.SendAsyncCore(HttpRequestMessage request, Boolean async, CancellationToken cancellationToken)
   --- End of inner exception stack trace ---
   at System.Net.Http.HttpConnection.SendAsyncCore(HttpRequestMessage request, Boolean async, CancellationToken cancellationToken)
   at System.Net.Http.AuthenticationHelper.SendWithNtAuthAsync(HttpRequestMessage request, Uri authUri, Boolean async, ICredentials credentials, Boolean isProxyAuth, HttpConnection connection, HttpConnectionPool connectionPool, CancellationToken cancellationToken)
   at System.Net.Http.HttpConnectionPool.SendWithVersionDetectionAndRetryAsync(HttpRequestMessage request, Boolean async, Boolean doRequestAuth, CancellationToken cancellationToken)
   at System.Net.Http.AuthenticationHelper.SendWithAuthAsync(HttpRequestMessage request, Uri authUri, Boolean async, ICredentials credentials, Boolean preAuthenticate, Boolean isProxyAuth, Boolean doRequestAuth, HttpConnectionPool pool, CancellationToken cancellationToken)
   at System.Net.Http.DecompressionHandler.SendAsync(HttpRequestMessage request, Boolean async, CancellationToken cancellationToken)
   at GitHub.Services.Common.VssHttpMessageHandler.SendAsync(HttpRequestMessage request, CancellationToken cancellationToken)
   --- End of inner exception stack trace ---
   at GitHub.Services.Common.VssHttpMessageHandler.SendAsync(HttpRequestMessage request, CancellationToken cancellationToken)
   at GitHub.Services.Common.VssHttpRetryMessageHandler.SendAsync(HttpRequestMessage request, CancellationToken cancellationToken)
   at System.Net.Http.HttpClient.<SendAsync>g__Core|83_0(HttpRequestMessage request, HttpCompletionOption completionOption, CancellationTokenSource cts, Boolean disposeCts, CancellationTokenSource pendingRequestsCts, CancellationToken originalCancellationToken)
   at GitHub.Services.WebApi.VssHttpClientBase.SendAsync(HttpRequestMessage message, HttpCompletionOption completionOption, Object userState, CancellationToken cancellationToken)
   at GitHub.Services.WebApi.VssHttpClientBase.SendAsync[T](HttpRequestMessage message, Object userState, CancellationToken cancellationToken)
   at GitHub.Services.WebApi.VssHttpClientBase.SendAsync[T](HttpMethod method, IEnumerable`1 additionalHeaders, Guid locationId, Object routeValues, ApiResourceVersion version, HttpContent content, IEnumerable`1 queryParameters, Object userState, CancellationToken cancellationToken)
   at GitHub.Runner.Listener.MessageListener.GetNextMessageAsync(CancellationToken token)
[2023-04-15 13:50:29Z ERR  MessageListener] #####################################################
[2023-04-15 13:50:29Z ERR  MessageListener] System.Threading.Tasks.TaskCanceledException: The operation was canceled.
 ---> System.IO.IOException: Unable to read data from the transport connection: 由于线程退出或应用程序请求，已中止 I/O 操作。.
 ---> System.Net.Sockets.SocketException (995): 由于线程退出或应用程序请求，已中止 I/O 操作。
   --- End of inner exception stack trace ---
   at System.Net.Sockets.Socket.AwaitableSocketAsyncEventArgs.ThrowException(SocketError error, CancellationToken cancellationToken)
   at System.Net.Sockets.Socket.AwaitableSocketAsyncEventArgs.System.Threading.Tasks.Sources.IValueTaskSource<System.Int32>.GetResult(Int16 token)
   at System.Net.Security.SslStream.EnsureFullTlsFrameAsync[TIOAdapter](TIOAdapter adapter)
   at System.Net.Security.SslStream.ReadAsyncInternal[TIOAdapter](TIOAdapter adapter, Memory`1 buffer)
   at System.Net.Http.HttpConnection.SendAsyncCore(HttpRequestMessage request, Boolean async, CancellationToken cancellationToken)
   --- End of inner exception stack trace ---
   at System.Net.Http.HttpConnection.SendAsyncCore(HttpRequestMessage request, Boolean async, CancellationToken cancellationToken)
   at System.Net.Http.AuthenticationHelper.SendWithNtAuthAsync(HttpRequestMessage request, Uri authUri, Boolean async, ICredentials credentials, Boolean isProxyAuth, HttpConnection connection, HttpConnectionPool connectionPool, CancellationToken cancellationToken)
   at System.Net.Http.HttpConnectionPool.SendWithVersionDetectionAndRetryAsync(HttpRequestMessage request, Boolean async, Boolean doRequestAuth, CancellationToken cancellationToken)
   at System.Net.Http.AuthenticationHelper.SendWithAuthAsync(HttpRequestMessage request, Uri authUri, Boolean async, ICredentials credentials, Boolean preAuthenticate, Boolean isProxyAuth, Boolean doRequestAuth, HttpConnectionPool pool, CancellationToken cancellationToken)
   at System.Net.Http.DecompressionHandler.SendAsync(HttpRequestMessage request, Boolean async, CancellationToken cancellationToken)
   at GitHub.Services.Common.VssHttpMessageHandler.SendAsync(HttpRequestMessage request, CancellationToken cancellationToken)
[2023-04-15 13:50:29Z ERR  MessageListener] #####################################################
[2023-04-15 13:50:29Z ERR  MessageListener] System.IO.IOException: Unable to read data from the transport connection: 由于线程退出或应用程序请求，已中止 I/O 操作。.
 ---> System.Net.Sockets.SocketException (995): 由于线程退出或应用程序请求，已中止 I/O 操作。
   --- End of inner exception stack trace ---
   at System.Net.Sockets.Socket.AwaitableSocketAsyncEventArgs.ThrowException(SocketError error, CancellationToken cancellationToken)
   at System.Net.Sockets.Socket.AwaitableSocketAsyncEventArgs.System.Threading.Tasks.Sources.IValueTaskSource<System.Int32>.GetResult(Int16 token)
   at System.Net.Security.SslStream.EnsureFullTlsFrameAsync[TIOAdapter](TIOAdapter adapter)
   at System.Net.Security.SslStream.ReadAsyncInternal[TIOAdapter](TIOAdapter adapter, Memory`1 buffer)
   at System.Net.Http.HttpConnection.SendAsyncCore(HttpRequestMessage request, Boolean async, CancellationToken cancellationToken)
[2023-04-15 13:50:29Z ERR  MessageListener] #####################################################
[2023-04-15 13:50:29Z ERR  MessageListener] System.Net.Sockets.SocketException (995): 由于线程退出或应用程序请求，已中止 I/O 操作。
[2023-04-15 13:50:29Z INFO MessageListener] Retriable exception: The HTTP request timed out after 00:01:00.
[2023-04-15 13:50:29Z ERR  Terminal] WRITE ERROR: 2023-04-15 13:50:29Z: Runner connect error: The HTTP request timed out after 00:01:00.. Retrying until reconnected.
[2023-04-15 13:50:29Z INFO RunnerServer] Refresh MessageQueue VssConnection to get on a different AFD node.
[2023-04-15 13:50:29Z INFO RunnerServer] EstablishVssConnection
[2023-04-15 13:50:29Z INFO RunnerServer] Establish connection with 60 seconds timeout.
[2023-04-15 13:50:29Z INFO GitHubActionsService] Starting operation Location.GetConnectionData
[2023-04-15 13:50:30Z INFO GitHubActionsService] Finished operation Location.GetConnectionData
[2023-04-15 13:50:30Z INFO MessageListener] Sleeping for 28.273 seconds before retrying.
[2023-04-15 13:50:58Z INFO MessageListener] No message retrieved from session 'c45aa05d-a84f-43b5-b0fd-b248c60ca28b' within last 30 minutes.
[2023-04-15 13:51:48Z INFO Terminal] WRITE LINE: 2023-04-15 13:51:48Z: Runner reconnected.
[2023-04-15 14:03:33Z INFO RSAEncryptedFileKeyManager] Loading RSA key parameters from file D:\Blog\blog\actions-runner\.credentials_rsaparams
[2023-04-15 14:03:34Z INFO GitHubActionsService] AAD Correlation ID for this token request: Unknown
[2023-04-15 14:21:13Z INFO MessageListener] No message retrieved from session 'c45aa05d-a84f-43b5-b0fd-b248c60ca28b' within last 30 minutes.
[2023-04-15 14:51:27Z INFO MessageListener] No message retrieved from session 'c45aa05d-a84f-43b5-b0fd-b248c60ca28b' within last 30 minutes.
[2023-04-15 14:59:04Z INFO RSAEncryptedFileKeyManager] Loading RSA key parameters from file D:\Blog\blog\actions-runner\.credentials_rsaparams
[2023-04-15 14:59:05Z INFO GitHubActionsService] AAD Correlation ID for this token request: Unknown
[2023-04-15 15:21:43Z INFO MessageListener] No message retrieved from session 'c45aa05d-a84f-43b5-b0fd-b248c60ca28b' within last 30 minutes.
[2023-04-15 15:51:57Z INFO MessageListener] No message retrieved from session 'c45aa05d-a84f-43b5-b0fd-b248c60ca28b' within last 30 minutes.
[2023-04-15 15:54:28Z INFO RSAEncryptedFileKeyManager] Loading RSA key parameters from file D:\Blog\blog\actions-runner\.credentials_rsaparams
[2023-04-15 15:54:29Z INFO GitHubActionsService] AAD Correlation ID for this token request: Unknown
[2023-04-15 18:58:30Z WARN GitHubActionsService] Attempt 1 of GET request to https://pipelines.actions.githubusercontent.com/vbd6EKQARMINAVUS7ckItTttXQj8tyGcNsCx4pAfhScPJ0nv7r/_apis/distributedtask/pools/1/messages?sessionId=c45aa05d-a84f-43b5-b0fd-b248c60ca28b&status=Online&runnerVersion=2.303.0 failed (Socket Error: ConnectionAborted). The operation will be retried in 10.812 seconds.
[2023-04-15 23:40:16Z INFO RSAEncryptedFileKeyManager] Loading RSA key parameters from file D:\Blog\blog\actions-runner\.credentials_rsaparams
[2023-04-15 23:40:18Z INFO GitHubActionsService] AAD Correlation ID for this token request: Unknown
[2023-04-15 23:40:18Z WARN GitHubActionsService] Retrieving an AAD auth token took a long time (2.0842927 seconds)
[2023-04-15 23:41:08Z INFO MessageListener] No message retrieved from session 'c45aa05d-a84f-43b5-b0fd-b248c60ca28b' within last 30 minutes.
[2023-04-16 00:11:20Z INFO MessageListener] No message retrieved from session 'c45aa05d-a84f-43b5-b0fd-b248c60ca28b' within last 30 minutes.
[2023-04-16 00:35:41Z INFO RSAEncryptedFileKeyManager] Loading RSA key parameters from file D:\Blog\blog\actions-runner\.credentials_rsaparams
[2023-04-16 00:35:41Z INFO GitHubActionsService] AAD Correlation ID for this token request: Unknown
[2023-04-16 00:41:34Z INFO MessageListener] No message retrieved from session 'c45aa05d-a84f-43b5-b0fd-b248c60ca28b' within last 30 minutes.
[2023-04-16 01:11:46Z INFO MessageListener] No message retrieved from session 'c45aa05d-a84f-43b5-b0fd-b248c60ca28b' within last 30 minutes.
[2023-04-16 01:31:04Z INFO RSAEncryptedFileKeyManager] Loading RSA key parameters from file D:\Blog\blog\actions-runner\.credentials_rsaparams
[2023-04-16 01:31:04Z INFO GitHubActionsService] AAD Correlation ID for this token request: Unknown
[2023-04-16 01:42:00Z INFO MessageListener] No message retrieved from session 'c45aa05d-a84f-43b5-b0fd-b248c60ca28b' within last 30 minutes.
[2023-04-16 02:12:21Z INFO MessageListener] No message retrieved from session 'c45aa05d-a84f-43b5-b0fd-b248c60ca28b' within last 30 minutes.
[2023-04-16 02:26:40Z INFO RSAEncryptedFileKeyManager] Loading RSA key parameters from file D:\Blog\blog\actions-runner\.credentials_rsaparams
[2023-04-16 02:26:41Z INFO GitHubActionsService] AAD Correlation ID for this token request: Unknown
[2023-04-16 02:42:38Z INFO MessageListener] No message retrieved from session 'c45aa05d-a84f-43b5-b0fd-b248c60ca28b' within last 30 minutes.
[2023-04-16 03:12:53Z INFO MessageListener] No message retrieved from session 'c45aa05d-a84f-43b5-b0fd-b248c60ca28b' within last 30 minutes.
[2023-04-16 03:22:06Z INFO RSAEncryptedFileKeyManager] Loading RSA key parameters from file D:\Blog\blog\actions-runner\.credentials_rsaparams
[2023-04-16 03:22:07Z INFO GitHubActionsService] AAD Correlation ID for this token request: Unknown
[2023-04-16 03:43:05Z INFO MessageListener] No message retrieved from session 'c45aa05d-a84f-43b5-b0fd-b248c60ca28b' within last 30 minutes.
[2023-04-16 04:13:18Z INFO MessageListener] No message retrieved from session 'c45aa05d-a84f-43b5-b0fd-b248c60ca28b' within last 30 minutes.
[2023-04-16 04:17:30Z INFO RSAEncryptedFileKeyManager] Loading RSA key parameters from file D:\Blog\blog\actions-runner\.credentials_rsaparams
[2023-04-16 04:17:31Z INFO GitHubActionsService] AAD Correlation ID for this token request: Unknown
[2023-04-16 04:43:32Z INFO MessageListener] No message retrieved from session 'c45aa05d-a84f-43b5-b0fd-b248c60ca28b' within last 30 minutes.
[2023-04-16 05:12:54Z INFO RSAEncryptedFileKeyManager] Loading RSA key parameters from file D:\Blog\blog\actions-runner\.credentials_rsaparams
[2023-04-16 05:12:54Z INFO GitHubActionsService] AAD Correlation ID for this token request: Unknown
[2023-04-16 05:13:45Z INFO MessageListener] No message retrieved from session 'c45aa05d-a84f-43b5-b0fd-b248c60ca28b' within last 30 minutes.
[2023-04-16 05:43:58Z INFO MessageListener] No message retrieved from session 'c45aa05d-a84f-43b5-b0fd-b248c60ca28b' within last 30 minutes.
[2023-04-16 06:08:18Z INFO RSAEncryptedFileKeyManager] Loading RSA key parameters from file D:\Blog\blog\actions-runner\.credentials_rsaparams
[2023-04-16 06:08:19Z INFO GitHubActionsService] AAD Correlation ID for this token request: Unknown
[2023-04-16 06:14:11Z INFO MessageListener] No message retrieved from session 'c45aa05d-a84f-43b5-b0fd-b248c60ca28b' within last 30 minutes.
[2023-04-16 06:44:23Z INFO MessageListener] No message retrieved from session 'c45aa05d-a84f-43b5-b0fd-b248c60ca28b' within last 30 minutes.
[2023-04-16 07:03:43Z INFO RSAEncryptedFileKeyManager] Loading RSA key parameters from file D:\Blog\blog\actions-runner\.credentials_rsaparams
[2023-04-16 07:03:43Z INFO GitHubActionsService] AAD Correlation ID for this token request: Unknown
[2023-04-16 07:14:38Z INFO MessageListener] No message retrieved from session 'c45aa05d-a84f-43b5-b0fd-b248c60ca28b' within last 30 minutes.
[2023-04-16 07:44:52Z INFO MessageListener] No message retrieved from session 'c45aa05d-a84f-43b5-b0fd-b248c60ca28b' within last 30 minutes.
[2023-04-16 07:59:09Z INFO RSAEncryptedFileKeyManager] Loading RSA key parameters from file D:\Blog\blog\actions-runner\.credentials_rsaparams
[2023-04-16 07:59:09Z INFO GitHubActionsService] AAD Correlation ID for this token request: Unknown
[2023-04-16 08:15:18Z INFO MessageListener] No message retrieved from session 'c45aa05d-a84f-43b5-b0fd-b248c60ca28b' within last 30 minutes.
[2023-04-16 08:45:31Z INFO MessageListener] No message retrieved from session 'c45aa05d-a84f-43b5-b0fd-b248c60ca28b' within last 30 minutes.
[2023-04-16 08:54:46Z INFO RSAEncryptedFileKeyManager] Loading RSA key parameters from file D:\Blog\blog\actions-runner\.credentials_rsaparams
[2023-04-16 08:54:47Z INFO GitHubActionsService] AAD Correlation ID for this token request: Unknown
[2023-04-16 09:15:45Z INFO MessageListener] No message retrieved from session 'c45aa05d-a84f-43b5-b0fd-b248c60ca28b' within last 30 minutes.
[2023-04-16 09:45:58Z INFO MessageListener] No message retrieved from session 'c45aa05d-a84f-43b5-b0fd-b248c60ca28b' within last 30 minutes.
[2023-04-16 09:50:09Z INFO RSAEncryptedFileKeyManager] Loading RSA key parameters from file D:\Blog\blog\actions-runner\.credentials_rsaparams
[2023-04-16 09:50:10Z INFO GitHubActionsService] AAD Correlation ID for this token request: Unknown
[2023-04-16 10:16:11Z INFO MessageListener] No message retrieved from session 'c45aa05d-a84f-43b5-b0fd-b248c60ca28b' within last 30 minutes.
[2023-04-16 10:45:39Z INFO RSAEncryptedFileKeyManager] Loading RSA key parameters from file D:\Blog\blog\actions-runner\.credentials_rsaparams
[2023-04-16 10:45:40Z INFO GitHubActionsService] AAD Correlation ID for this token request: Unknown
[2023-04-16 10:46:30Z INFO MessageListener] No message retrieved from session 'c45aa05d-a84f-43b5-b0fd-b248c60ca28b' within last 30 minutes.
[2023-04-16 11:16:50Z INFO MessageListener] No message retrieved from session 'c45aa05d-a84f-43b5-b0fd-b248c60ca28b' within last 30 minutes.
[2023-04-16 11:41:22Z INFO RSAEncryptedFileKeyManager] Loading RSA key parameters from file D:\Blog\blog\actions-runner\.credentials_rsaparams
[2023-04-16 11:41:23Z INFO GitHubActionsService] AAD Correlation ID for this token request: Unknown
[2023-04-16 11:47:16Z INFO MessageListener] No message retrieved from session 'c45aa05d-a84f-43b5-b0fd-b248c60ca28b' within last 30 minutes.
[2023-04-16 12:17:28Z INFO MessageListener] No message retrieved from session 'c45aa05d-a84f-43b5-b0fd-b248c60ca28b' within last 30 minutes.
[2023-04-16 12:36:47Z INFO RSAEncryptedFileKeyManager] Loading RSA key parameters from file D:\Blog\blog\actions-runner\.credentials_rsaparams
[2023-04-16 12:36:48Z INFO GitHubActionsService] AAD Correlation ID for this token request: Unknown
[2023-04-16 12:47:41Z INFO MessageListener] No message retrieved from session 'c45aa05d-a84f-43b5-b0fd-b248c60ca28b' within last 30 minutes.
[2023-04-16 13:13:20Z INFO HostContext] Runner will be shutdown for UserCancelled
[2023-04-16 13:13:20Z WARN GitHubActionsService] GET request to https://pipelines.actions.githubusercontent.com/vbd6EKQARMINAVUS7ckItTttXQj8tyGcNsCx4pAfhScPJ0nv7r/_apis/distributedtask/pools/1/messages?sessionId=c45aa05d-a84f-43b5-b0fd-b248c60ca28b&status=Online&runnerVersion=2.303.0 has been cancelled.
[2023-04-16 13:13:20Z INFO MessageListener] Get next message has been cancelled.
[2023-04-16 13:13:20Z INFO JobDispatcher] Shutting down JobDispatcher. Make sure all WorkerDispatcher has finished.
[2023-04-16 13:13:23Z INFO Listener] Runner execution been cancelled.
