[2023-04-13 15:26:26Z INFO HostContext] No proxy settings were found based on environmental variables (http_proxy/https_proxy/HTTP_PROXY/HTTPS_PROXY)
[2023-04-13 15:26:26Z INFO HostContext] Well known directory 'Bin': 'D:\Blog\blog\actions-runner\bin'
[2023-04-13 15:26:26Z INFO HostContext] Well known directory 'Root': 'D:\Blog\blog\actions-runner'
[2023-04-13 15:26:26Z INFO HostContext] Well known config file 'Credentials': 'D:\Blog\blog\actions-runner\.credentials'
[2023-04-13 15:26:26Z INFO HostContext] Well known directory 'Bin': 'D:\Blog\blog\actions-runner\bin'
[2023-04-13 15:26:26Z INFO HostContext] Well known directory 'Root': 'D:\Blog\blog\actions-runner'
[2023-04-13 15:26:26Z INFO HostContext] Well known config file 'Runner': 'D:\Blog\blog\actions-runner\.runner'
[2023-04-13 15:26:26Z INFO Listener] Runner is built for Windows (X64) - win-x64.
[2023-04-13 15:26:26Z INFO Listener] RuntimeInformation: Microsoft Windows 10.0.22621.
[2023-04-13 15:26:26Z INFO Listener] Version: 2.303.0
[2023-04-13 15:26:26Z INFO Listener] Commit: e676c7871817c1b484299cd93fabdf4b95e70741
[2023-04-13 15:26:26Z INFO Listener] Culture: zh-CN
[2023-04-13 15:26:26Z INFO Listener] UI Culture: zh-CN
[2023-04-13 15:26:26Z INFO HostContext] Well known directory 'Bin': 'D:\Blog\blog\actions-runner\bin'
[2023-04-13 15:26:26Z INFO HostContext] Well known directory 'Root': 'D:\Blog\blog\actions-runner'
[2023-04-13 15:26:26Z INFO Listener] Validating directory permissions for: 'D:\Blog\blog\actions-runner'
[2023-04-13 15:26:26Z INFO CommandLineParser] Parse
[2023-04-13 15:26:26Z INFO CommandLineParser] Parsing 1 args
[2023-04-13 15:26:26Z INFO CommandLineParser] parsing argument
[2023-04-13 15:26:26Z INFO CommandLineParser] HasArgs: False
[2023-04-13 15:26:26Z INFO CommandLineParser] Adding Command: run
[2023-04-13 15:26:26Z INFO Listener] Arguments parsed
[2023-04-13 15:26:26Z INFO Runner] ExecuteCommand
[2023-04-13 15:26:26Z INFO ConfigurationStore] currentAssemblyLocation: D:\Blog\blog\actions-runner\bin\Runner.Listener.dll
[2023-04-13 15:26:26Z INFO HostContext] Well known directory 'Bin': 'D:\Blog\blog\actions-runner\bin'
[2023-04-13 15:26:26Z INFO ConfigurationStore] binPath: D:\Blog\blog\actions-runner\bin
[2023-04-13 15:26:26Z INFO HostContext] Well known directory 'Bin': 'D:\Blog\blog\actions-runner\bin'
[2023-04-13 15:26:26Z INFO HostContext] Well known directory 'Root': 'D:\Blog\blog\actions-runner'
[2023-04-13 15:26:26Z INFO ConfigurationStore] RootFolder: D:\Blog\blog\actions-runner
[2023-04-13 15:26:26Z INFO HostContext] Well known directory 'Bin': 'D:\Blog\blog\actions-runner\bin'
[2023-04-13 15:26:26Z INFO HostContext] Well known directory 'Root': 'D:\Blog\blog\actions-runner'
[2023-04-13 15:26:26Z INFO HostContext] Well known config file 'Runner': 'D:\Blog\blog\actions-runner\.runner'
[2023-04-13 15:26:26Z INFO ConfigurationStore] ConfigFilePath: D:\Blog\blog\actions-runner\.runner
[2023-04-13 15:26:26Z INFO HostContext] Well known directory 'Bin': 'D:\Blog\blog\actions-runner\bin'
[2023-04-13 15:26:26Z INFO HostContext] Well known directory 'Root': 'D:\Blog\blog\actions-runner'
[2023-04-13 15:26:26Z INFO HostContext] Well known config file 'Credentials': 'D:\Blog\blog\actions-runner\.credentials'
[2023-04-13 15:26:26Z INFO ConfigurationStore] CredFilePath: D:\Blog\blog\actions-runner\.credentials
[2023-04-13 15:26:26Z INFO HostContext] Well known directory 'Bin': 'D:\Blog\blog\actions-runner\bin'
[2023-04-13 15:26:26Z INFO HostContext] Well known directory 'Root': 'D:\Blog\blog\actions-runner'
[2023-04-13 15:26:26Z INFO HostContext] Well known config file 'MigratedCredentials': 'D:\Blog\blog\actions-runner\.credentials_migrated'
[2023-04-13 15:26:26Z INFO ConfigurationStore] MigratedCredFilePath: D:\Blog\blog\actions-runner\.credentials_migrated
[2023-04-13 15:26:26Z INFO HostContext] Well known directory 'Bin': 'D:\Blog\blog\actions-runner\bin'
[2023-04-13 15:26:26Z INFO HostContext] Well known directory 'Root': 'D:\Blog\blog\actions-runner'
[2023-04-13 15:26:26Z INFO HostContext] Well known config file 'Service': 'D:\Blog\blog\actions-runner\.service'
[2023-04-13 15:26:26Z INFO ConfigurationStore] ServiceConfigFilePath: D:\Blog\blog\actions-runner\.service
[2023-04-13 15:26:26Z INFO CommandSettings] Flag 'help': 'False'
[2023-04-13 15:26:26Z INFO CommandSettings] Flag 'version': 'False'
[2023-04-13 15:26:26Z INFO CommandSettings] Flag 'commit': 'False'
[2023-04-13 15:26:26Z INFO CommandSettings] Flag 'check': 'False'
[2023-04-13 15:26:27Z INFO CommandSettings] Command 'configure': 'False'
[2023-04-13 15:26:27Z INFO CommandSettings] Command 'remove': 'False'
[2023-04-13 15:26:27Z INFO CommandSettings] Command 'warmup': 'False'
[2023-04-13 15:26:27Z INFO ConfigurationManager] LoadSettings
[2023-04-13 15:26:27Z INFO ConfigurationStore] IsConfigured()
[2023-04-13 15:26:27Z INFO ConfigurationStore] IsConfigured: True
[2023-04-13 15:26:27Z INFO ConfigurationManager] Is configured: True
[2023-04-13 15:26:27Z INFO ConfigurationStore] Read setting file: 299 chars
[2023-04-13 15:26:27Z INFO ConfigurationManager] Settings Loaded
[2023-04-13 15:26:27Z INFO ConfigurationStore] IsServiceConfigured()
[2023-04-13 15:26:27Z INFO ConfigurationStore] IsServiceConfigured: True
[2023-04-13 15:26:27Z INFO CommandSettings] Command 'run': 'True'
[2023-04-13 15:26:27Z INFO ConfigurationStore] IsConfigured()
[2023-04-13 15:26:27Z INFO ConfigurationStore] IsConfigured: True
[2023-04-13 15:26:27Z INFO ConfigurationManager] Is configured: True
[2023-04-13 15:26:27Z INFO Runner] Try determine runner startup type base on console redirects.
[2023-04-13 15:26:27Z INFO Runner] Set runner startup type - Manual
[2023-04-13 15:26:27Z INFO CommandSettings] Flag 'once': 'False'
[2023-04-13 15:26:27Z INFO CommandSettings] Flag 'once': 'False'
[2023-04-13 15:26:27Z INFO Runner] RunAsync
[2023-04-13 15:26:27Z INFO ConfigurationManager] LoadSettings
[2023-04-13 15:26:27Z INFO ConfigurationStore] IsConfigured()
[2023-04-13 15:26:27Z INFO ConfigurationStore] IsConfigured: True
[2023-04-13 15:26:27Z INFO ConfigurationManager] Is configured: True
[2023-04-13 15:26:27Z INFO ConfigurationManager] Settings Loaded
[2023-04-13 15:26:27Z INFO MessageListener] {
  "AgentId": 24,
  "AgentName": "BanDao",
  "PoolId": 1,
  "PoolName": "Default",
  "ServerUrl": "https://pipelines.actions.githubusercontent.com/vbd6EKQARMINAVUS7ckItTttXQj8tyGcNsCx4pAfhScPJ0nv7r",
  "GitHubUrl": "https://github.com/BanDaobd/BanDaobd.github.io",
  "WorkFolder": "_work"
}
[2023-04-13 15:26:27Z INFO MessageListener] Loading Credentials
[2023-04-13 15:26:27Z INFO ConfigurationStore] HasCredentials()
[2023-04-13 15:26:27Z INFO ConfigurationStore] stored True
[2023-04-13 15:26:27Z INFO CredentialManager] GetCredentialProvider
[2023-04-13 15:26:27Z INFO CredentialManager] Creating type OAuth
[2023-04-13 15:26:27Z INFO CredentialManager] Creating credential type: OAuth
[2023-04-13 15:26:27Z INFO HostContext] Well known directory 'Bin': 'D:\Blog\blog\actions-runner\bin'
[2023-04-13 15:26:27Z INFO HostContext] Well known directory 'Root': 'D:\Blog\blog\actions-runner'
[2023-04-13 15:26:27Z INFO HostContext] Well known config file 'RSACredentials': 'D:\Blog\blog\actions-runner\.credentials_rsaparams'
[2023-04-13 15:26:27Z INFO RSAEncryptedFileKeyManager] Loading RSA key parameters from file D:\Blog\blog\actions-runner\.credentials_rsaparams
[2023-04-13 15:26:27Z INFO MessageListener] Attempt to create session.
[2023-04-13 15:26:27Z INFO MessageListener] Connecting to the Runner Server...
[2023-04-13 15:26:27Z INFO RunnerServer] EstablishVssConnection
[2023-04-13 15:26:27Z INFO RunnerServer] Establish connection with 100 seconds timeout.
[2023-04-13 15:26:27Z INFO GitHubActionsService] Starting operation Location.GetConnectionData
[2023-04-13 15:26:27Z INFO RunnerServer] EstablishVssConnection
[2023-04-13 15:26:27Z INFO RunnerServer] Establish connection with 60 seconds timeout.
[2023-04-13 15:26:27Z INFO GitHubActionsService] Starting operation Location.GetConnectionData
[2023-04-13 15:26:27Z INFO RunnerServer] EstablishVssConnection
[2023-04-13 15:26:27Z INFO RunnerServer] Establish connection with 60 seconds timeout.
[2023-04-13 15:26:27Z INFO GitHubActionsService] Starting operation Location.GetConnectionData
[2023-04-13 15:26:28Z INFO GitHubActionsService] Finished operation Location.GetConnectionData
[2023-04-13 15:26:28Z INFO GitHubActionsService] Finished operation Location.GetConnectionData
[2023-04-13 15:26:28Z INFO GitHubActionsService] Finished operation Location.GetConnectionData
[2023-04-13 15:26:28Z INFO MessageListener] VssConnection created
[2023-04-13 15:26:28Z INFO Terminal] WRITE LINE: 
[2023-04-13 15:26:28Z INFO Terminal] WRITE LINE: 
[2023-04-13 15:26:29Z INFO RSAEncryptedFileKeyManager] Loading RSA key parameters from file D:\Blog\blog\actions-runner\.credentials_rsaparams
[2023-04-13 15:26:29Z INFO RSAEncryptedFileKeyManager] Loading RSA key parameters from file D:\Blog\blog\actions-runner\.credentials_rsaparams
[2023-04-13 15:26:29Z INFO GitHubActionsService] AAD Correlation ID for this token request: Unknown
[2023-04-13 15:26:30Z ERR  GitHubActionsService] POST request to https://pipelines.actions.githubusercontent.com/vbd6EKQARMINAVUS7ckItTttXQj8tyGcNsCx4pAfhScPJ0nv7r/_apis/distributedtask/pools/1/sessions failed. HTTP Status: Conflict, AFD Ref: Ref A: 8F61681340E2479A819E92A32FC3CF5F Ref B: TYO01EDGE1017 Ref C: 2023-04-13T15:26:30Z
[2023-04-13 15:26:30Z ERR  MessageListener] Catch exception during create session.
[2023-04-13 15:26:30Z ERR  MessageListener] GitHub.DistributedTask.WebApi.TaskAgentSessionConflictException: The actions runner BanDao already has an active session for owner LAPTOP-S2UD1NN7.
   at GitHub.Services.WebApi.VssHttpClientBase.HandleResponseAsync(HttpResponseMessage response, CancellationToken cancellationToken)
   at GitHub.Services.WebApi.VssHttpClientBase.SendAsync(HttpRequestMessage message, HttpCompletionOption completionOption, Object userState, CancellationToken cancellationToken)
   at GitHub.Services.WebApi.VssHttpClientBase.SendAsync[T](HttpRequestMessage message, Object userState, CancellationToken cancellationToken)
   at GitHub.Services.WebApi.VssHttpClientBase.SendAsync[T](HttpMethod method, IEnumerable`1 additionalHeaders, Guid locationId, Object routeValues, ApiResourceVersion version, HttpContent content, IEnumerable`1 queryParameters, Object userState, CancellationToken cancellationToken)
   at GitHub.Runner.Listener.MessageListener.CreateSessionAsync(CancellationToken token)
[2023-04-13 15:26:30Z INFO MessageListener] The session for this runner already exists.
[2023-04-13 15:26:30Z ERR  Terminal] WRITE ERROR: A session for this runner already exists.
[2023-04-13 15:26:30Z INFO MessageListener] The session conflict exception haven't reached retry limit.
[2023-04-13 15:26:30Z ERR  Terminal] WRITE ERROR: 2023-04-13 15:26:30Z: Runner connect error: The actions runner BanDao already has an active session for owner LAPTOP-S2UD1NN7.. Retrying until reconnected.
[2023-04-13 15:26:30Z INFO MessageListener] Sleeping for 30 seconds before retrying.
[2023-04-13 15:26:37Z INFO Terminal] WRITE LINE: Exiting...
[2023-04-13 15:26:37Z INFO ConfigurationStore] IsServiceConfigured()
[2023-04-13 15:26:37Z INFO ConfigurationStore] IsServiceConfigured: True
[2023-04-13 15:26:37Z INFO Runner] Received Ctrl-C signal, stop Runner.Listener and Runner.Worker.
[2023-04-13 15:26:37Z INFO HostContext] Runner will be shutdown for UserCancelled
[2023-04-13 15:26:37Z INFO Listener] Runner execution been cancelled.
