[2023-04-13 15:10:00Z INFO HostContext] No proxy settings were found based on environmental variables (http_proxy/https_proxy/HTTP_PROXY/HTTPS_PROXY)
[2023-04-13 15:10:00Z INFO HostContext] Well known directory 'Bin': 'D:\Blog\blog\actions-runner\bin'
[2023-04-13 15:10:00Z INFO HostContext] Well known directory 'Root': 'D:\Blog\blog\actions-runner'
[2023-04-13 15:10:00Z INFO HostContext] Well known config file 'Credentials': 'D:\Blog\blog\actions-runner\.credentials'
[2023-04-13 15:10:00Z INFO HostContext] Well known directory 'Bin': 'D:\Blog\blog\actions-runner\bin'
[2023-04-13 15:10:00Z INFO HostContext] Well known directory 'Root': 'D:\Blog\blog\actions-runner'
[2023-04-13 15:10:00Z INFO HostContext] Well known config file 'Runner': 'D:\Blog\blog\actions-runner\.runner'
[2023-04-13 15:10:00Z INFO Listener] Runner is built for Windows (X64) - win-x64.
[2023-04-13 15:10:00Z INFO Listener] RuntimeInformation: Microsoft Windows 10.0.22621.
[2023-04-13 15:10:00Z INFO Listener] Version: 2.303.0
[2023-04-13 15:10:00Z INFO Listener] Commit: e676c7871817c1b484299cd93fabdf4b95e70741
[2023-04-13 15:10:00Z INFO Listener] Culture: zh-CN
[2023-04-13 15:10:00Z INFO Listener] UI Culture: zh-CN
[2023-04-13 15:10:00Z INFO HostContext] Well known directory 'Bin': 'D:\Blog\blog\actions-runner\bin'
[2023-04-13 15:10:00Z INFO HostContext] Well known directory 'Root': 'D:\Blog\blog\actions-runner'
[2023-04-13 15:10:00Z INFO Listener] Validating directory permissions for: 'D:\Blog\blog\actions-runner'
[2023-04-13 15:10:00Z INFO CommandLineParser] Parse
[2023-04-13 15:10:00Z INFO CommandLineParser] Parsing 5 args
[2023-04-13 15:10:00Z INFO CommandLineParser] parsing argument
[2023-04-13 15:10:00Z INFO CommandLineParser] HasArgs: False
[2023-04-13 15:10:00Z INFO CommandLineParser] Adding Command: configure
[2023-04-13 15:10:00Z INFO CommandLineParser] parsing argument
[2023-04-13 15:10:00Z INFO CommandLineParser] HasArgs: True
[2023-04-13 15:10:00Z INFO CommandLineParser] arg: url
[2023-04-13 15:10:00Z INFO CommandLineParser] parsing argument
[2023-04-13 15:10:00Z INFO CommandLineParser] HasArgs: True
[2023-04-13 15:10:00Z INFO CommandLineParser] Adding option 'url': 'https://github.com/BanDaobd/BanDaobd.github.io'
[2023-04-13 15:10:00Z INFO CommandLineParser] parsing argument
[2023-04-13 15:10:00Z INFO CommandLineParser] HasArgs: True
[2023-04-13 15:10:00Z INFO CommandLineParser] arg: token
[2023-04-13 15:10:00Z INFO CommandLineParser] parsing argument
[2023-04-13 15:10:00Z INFO CommandLineParser] HasArgs: True
[2023-04-13 15:10:00Z INFO CommandLineParser] Adding option 'token': '***'
[2023-04-13 15:10:00Z INFO Listener] Arguments parsed
[2023-04-13 15:10:00Z INFO Runner] ExecuteCommand
[2023-04-13 15:10:00Z INFO ConfigurationStore] currentAssemblyLocation: D:\Blog\blog\actions-runner\bin\Runner.Listener.dll
[2023-04-13 15:10:00Z INFO HostContext] Well known directory 'Bin': 'D:\Blog\blog\actions-runner\bin'
[2023-04-13 15:10:00Z INFO ConfigurationStore] binPath: D:\Blog\blog\actions-runner\bin
[2023-04-13 15:10:00Z INFO HostContext] Well known directory 'Bin': 'D:\Blog\blog\actions-runner\bin'
[2023-04-13 15:10:00Z INFO HostContext] Well known directory 'Root': 'D:\Blog\blog\actions-runner'
[2023-04-13 15:10:00Z INFO ConfigurationStore] RootFolder: D:\Blog\blog\actions-runner
[2023-04-13 15:10:00Z INFO HostContext] Well known directory 'Bin': 'D:\Blog\blog\actions-runner\bin'
[2023-04-13 15:10:00Z INFO HostContext] Well known directory 'Root': 'D:\Blog\blog\actions-runner'
[2023-04-13 15:10:00Z INFO HostContext] Well known config file 'Runner': 'D:\Blog\blog\actions-runner\.runner'
[2023-04-13 15:10:00Z INFO ConfigurationStore] ConfigFilePath: D:\Blog\blog\actions-runner\.runner
[2023-04-13 15:10:00Z INFO HostContext] Well known directory 'Bin': 'D:\Blog\blog\actions-runner\bin'
[2023-04-13 15:10:00Z INFO HostContext] Well known directory 'Root': 'D:\Blog\blog\actions-runner'
[2023-04-13 15:10:00Z INFO HostContext] Well known config file 'Credentials': 'D:\Blog\blog\actions-runner\.credentials'
[2023-04-13 15:10:00Z INFO ConfigurationStore] CredFilePath: D:\Blog\blog\actions-runner\.credentials
[2023-04-13 15:10:00Z INFO HostContext] Well known directory 'Bin': 'D:\Blog\blog\actions-runner\bin'
[2023-04-13 15:10:00Z INFO HostContext] Well known directory 'Root': 'D:\Blog\blog\actions-runner'
[2023-04-13 15:10:00Z INFO HostContext] Well known config file 'MigratedCredentials': 'D:\Blog\blog\actions-runner\.credentials_migrated'
[2023-04-13 15:10:00Z INFO ConfigurationStore] MigratedCredFilePath: D:\Blog\blog\actions-runner\.credentials_migrated
[2023-04-13 15:10:00Z INFO HostContext] Well known directory 'Bin': 'D:\Blog\blog\actions-runner\bin'
[2023-04-13 15:10:00Z INFO HostContext] Well known directory 'Root': 'D:\Blog\blog\actions-runner'
[2023-04-13 15:10:00Z INFO HostContext] Well known config file 'Service': 'D:\Blog\blog\actions-runner\.service'
[2023-04-13 15:10:00Z INFO ConfigurationStore] ServiceConfigFilePath: D:\Blog\blog\actions-runner\.service
[2023-04-13 15:10:00Z INFO CommandSettings] Flag 'help': 'False'
[2023-04-13 15:10:00Z INFO CommandSettings] Flag 'version': 'False'
[2023-04-13 15:10:00Z INFO CommandSettings] Flag 'commit': 'False'
[2023-04-13 15:10:00Z INFO CommandSettings] Flag 'check': 'False'
[2023-04-13 15:10:01Z INFO CommandSettings] Command 'configure': 'True'
[2023-04-13 15:10:01Z INFO Terminal] WRITE LINE: 
[2023-04-13 15:10:01Z INFO Terminal] WRITE LINE: --------------------------------------------------------------------------------
[2023-04-13 15:10:01Z INFO Terminal] WRITE LINE: |        ____ _ _   _   _       _          _        _   _                      |
[2023-04-13 15:10:01Z INFO Terminal] WRITE LINE: |       / ___(_) |_| | | |_   _| |__      / \   ___| |_(_) ___  _ __  ___      |
[2023-04-13 15:10:01Z INFO Terminal] WRITE LINE: |      | |  _| | __| |_| | | | | '_ \    / _ \ / __| __| |/ _ \| '_ \/ __|     |
[2023-04-13 15:10:01Z INFO Terminal] WRITE LINE: |      | |_| | | |_|  _  | |_| | |_) |  / ___ \ (__| |_| | (_) | | | \__ \     |
[2023-04-13 15:10:01Z INFO Terminal] WRITE LINE: |       \____|_|\__|_| |_|\__,_|_.__/  /_/   \_\___|\__|_|\___/|_| |_|___/     |
[2023-04-13 15:10:01Z INFO Terminal] WRITE LINE: |                                                                              |
[2023-04-13 15:10:01Z INFO Terminal] WRITE: |                       
[2023-04-13 15:10:01Z INFO Terminal] WRITE: Self-hosted runner registration
[2023-04-13 15:10:01Z INFO Terminal] WRITE LINE:                         |
[2023-04-13 15:10:01Z INFO Terminal] WRITE LINE: |                                                                              |
[2023-04-13 15:10:01Z INFO Terminal] WRITE LINE: --------------------------------------------------------------------------------
[2023-04-13 15:10:01Z INFO ConfigurationManager] ConfigureAsync
[2023-04-13 15:10:01Z INFO CommandSettings] Flag 'generateServiceConfig': 'False'
[2023-04-13 15:10:01Z INFO ConfigurationStore] IsConfigured()
[2023-04-13 15:10:01Z INFO ConfigurationStore] IsConfigured: False
[2023-04-13 15:10:01Z INFO ConfigurationManager] Is configured: False
[2023-04-13 15:10:01Z INFO CommandSettings] Arg 'url': 'https://github.com/BanDaobd/BanDaobd.github.io'
[2023-04-13 15:10:01Z INFO CommandSettings] Remove url from Arg dictionary.
[2023-04-13 15:10:01Z INFO CommandSettings] Arg 'token': '***'
[2023-04-13 15:10:01Z INFO CommandSettings] Remove token from Arg dictionary.
[2023-04-13 15:10:02Z INFO ConfigurationManager] Http response code: OK from 'POST https://api.github.com/actions/runner-registration' (8611:74C3:3DEEB14:400DB33:64381B49)
[2023-04-13 15:10:02Z INFO ConfigurationManager] cred retrieved via GitHub auth
[2023-04-13 15:10:02Z INFO RunnerServer] EstablishVssConnection
[2023-04-13 15:10:02Z INFO RunnerServer] Establish connection with 100 seconds timeout.
[2023-04-13 15:10:02Z INFO GitHubActionsService] Starting operation Location.GetConnectionData
[2023-04-13 15:10:02Z INFO RunnerServer] EstablishVssConnection
[2023-04-13 15:10:02Z INFO RunnerServer] Establish connection with 60 seconds timeout.
[2023-04-13 15:10:02Z INFO GitHubActionsService] Starting operation Location.GetConnectionData
[2023-04-13 15:10:02Z INFO RunnerServer] EstablishVssConnection
[2023-04-13 15:10:02Z INFO RunnerServer] Establish connection with 60 seconds timeout.
[2023-04-13 15:10:02Z INFO GitHubActionsService] Starting operation Location.GetConnectionData
[2023-04-13 15:10:02Z INFO GitHubActionsService] Finished operation Location.GetConnectionData
[2023-04-13 15:10:03Z INFO GitHubActionsService] Finished operation Location.GetConnectionData
[2023-04-13 15:10:03Z INFO GitHubActionsService] Finished operation Location.GetConnectionData
[2023-04-13 15:10:03Z INFO Terminal] WRITE LINE: 
[2023-04-13 15:10:03Z INFO ConfigurationManager] Test Connection complete.
[2023-04-13 15:10:03Z INFO HostContext] Well known directory 'Bin': 'D:\Blog\blog\actions-runner\bin'
[2023-04-13 15:10:03Z INFO HostContext] Well known directory 'Root': 'D:\Blog\blog\actions-runner'
[2023-04-13 15:10:03Z INFO HostContext] Well known config file 'RSACredentials': 'D:\Blog\blog\actions-runner\.credentials_rsaparams'
[2023-04-13 15:10:03Z INFO RSAEncryptedFileKeyManager] Creating new RSA key using 2048-bit key length
[2023-04-13 15:10:03Z INFO RSAEncryptedFileKeyManager] Successfully saved RSA key parameters to file D:\Blog\blog\actions-runner\.credentials_rsaparams
[2023-04-13 15:10:03Z INFO CommandSettings] Arg 'runnergroup': ''
[2023-04-13 15:10:03Z INFO CommandSettings] Flag 'unattended': 'False'
[2023-04-13 15:10:03Z INFO PromptManager] ReadValue
[2023-04-13 15:10:03Z INFO Terminal] WRITE: Enter the name of the runner group to add this runner to: 
[2023-04-13 15:10:03Z INFO Terminal] WRITE: [press Enter for Default] 
[2023-04-13 15:10:03Z INFO Terminal] READ LINE
[2023-04-13 15:10:08Z INFO Terminal] Read value: ''
[2023-04-13 15:10:08Z INFO PromptManager] Falling back to the default: 'Default'
[2023-04-13 15:10:08Z INFO Terminal] WRITE LINE: 
[2023-04-13 15:10:08Z INFO ConfigurationManager] Found a self-hosted runner group with id 1 and name Default
[2023-04-13 15:10:08Z INFO CommandSettings] Flag 'disableupdate': 'False'
[2023-04-13 15:10:08Z INFO CommandSettings] Flag 'ephemeral': 'False'
[2023-04-13 15:10:08Z INFO CommandSettings] Arg 'name': ''
[2023-04-13 15:10:08Z INFO CommandSettings] Flag 'unattended': 'False'
[2023-04-13 15:10:08Z INFO PromptManager] ReadValue
[2023-04-13 15:10:08Z INFO Terminal] WRITE: Enter the name of runner: 
[2023-04-13 15:10:08Z INFO Terminal] WRITE: [press Enter for LAPTOP-S2UD1NN7] 
[2023-04-13 15:10:08Z INFO Terminal] READ LINE
[2023-04-13 15:10:40Z INFO Terminal] Read value: 'BanDao'
[2023-04-13 15:10:40Z INFO Terminal] WRITE LINE: 
[2023-04-13 15:10:40Z INFO CommandSettings] Arg 'labels': ''
[2023-04-13 15:10:40Z INFO CommandSettings] Flag 'unattended': 'False'
[2023-04-13 15:10:40Z INFO PromptManager] ReadValue
[2023-04-13 15:10:40Z INFO Terminal] WRITE: This runner will have the following labels: 'self-hosted', 'Windows', 'X64' 
Enter any additional labels (ex. label-1,label-2): 
[2023-04-13 15:10:40Z INFO Terminal] WRITE: [press Enter to skip] 
[2023-04-13 15:10:40Z INFO Terminal] READ LINE
[2023-04-13 15:10:41Z INFO Terminal] Read value: ''
[2023-04-13 15:10:41Z INFO Terminal] WRITE LINE: 
[2023-04-13 15:10:41Z INFO CommandSettings] Flag 'disableupdate': 'False'
[2023-04-13 15:10:42Z INFO CommandSettings] Flag 'disableupdate': 'False'
[2023-04-13 15:10:42Z INFO CommandSettings] Flag 'ephemeral': 'False'
[2023-04-13 15:10:42Z INFO ConfigurationStore] Saving OAuth credential @ D:\Blog\blog\actions-runner\.credentials
[2023-04-13 15:10:42Z INFO ConfigurationStore] Credentials Saved.
[2023-04-13 15:10:42Z INFO ConfigurationStore] HasCredentials()
[2023-04-13 15:10:42Z INFO ConfigurationStore] stored True
[2023-04-13 15:10:42Z INFO CredentialManager] GetCredentialProvider
[2023-04-13 15:10:42Z INFO CredentialManager] Creating type OAuth
[2023-04-13 15:10:42Z INFO CredentialManager] Creating credential type: OAuth
[2023-04-13 15:10:42Z INFO RSAEncryptedFileKeyManager] Loading RSA key parameters from file D:\Blog\blog\actions-runner\.credentials_rsaparams
[2023-04-13 15:10:42Z INFO RunnerServer] EstablishVssConnection
[2023-04-13 15:10:42Z INFO RunnerServer] Establish connection with 100 seconds timeout.
[2023-04-13 15:10:42Z INFO GitHubActionsService] Starting operation Location.GetConnectionData
[2023-04-13 15:10:42Z INFO RunnerServer] EstablishVssConnection
[2023-04-13 15:10:42Z INFO RunnerServer] Establish connection with 60 seconds timeout.
[2023-04-13 15:10:42Z INFO GitHubActionsService] Starting operation Location.GetConnectionData
[2023-04-13 15:10:42Z INFO RunnerServer] EstablishVssConnection
[2023-04-13 15:10:42Z INFO RunnerServer] Establish connection with 60 seconds timeout.
[2023-04-13 15:10:42Z INFO GitHubActionsService] Starting operation Location.GetConnectionData
[2023-04-13 15:10:43Z INFO GitHubActionsService] Finished operation Location.GetConnectionData
[2023-04-13 15:10:43Z INFO GitHubActionsService] Finished operation Location.GetConnectionData
[2023-04-13 15:10:44Z INFO GitHubActionsService] Finished operation Location.GetConnectionData
[2023-04-13 15:10:44Z INFO RSAEncryptedFileKeyManager] Loading RSA key parameters from file D:\Blog\blog\actions-runner\.credentials_rsaparams
[2023-04-13 15:10:44Z INFO RSAEncryptedFileKeyManager] Loading RSA key parameters from file D:\Blog\blog\actions-runner\.credentials_rsaparams
[2023-04-13 15:10:45Z INFO GitHubActionsService] AAD Correlation ID for this token request: Unknown
[2023-04-13 15:10:46Z INFO CommandSettings] Arg 'work': ''
[2023-04-13 15:10:46Z INFO CommandSettings] Flag 'unattended': 'False'
[2023-04-13 15:10:46Z INFO PromptManager] ReadValue
[2023-04-13 15:10:46Z INFO Terminal] WRITE: Enter name of work folder: 
[2023-04-13 15:10:46Z INFO Terminal] WRITE: [press Enter for _work] 
[2023-04-13 15:10:46Z INFO Terminal] READ LINE
[2023-04-13 15:10:49Z INFO Terminal] Read value: ''
[2023-04-13 15:10:49Z INFO PromptManager] Falling back to the default: '_work'
[2023-04-13 15:10:49Z INFO ConfigurationStore] Saving runner settings.
[2023-04-13 15:10:49Z INFO ConfigurationStore] Settings Saved.
[2023-04-13 15:10:49Z INFO Terminal] WRITE LINE: 
[2023-04-13 15:10:49Z INFO Terminal] WRITE LINE: 
[2023-04-13 15:10:49Z INFO CommandSettings] Flag 'runasservice': 'False'
[2023-04-13 15:10:49Z INFO CommandSettings] Flag 'unattended': 'False'
[2023-04-13 15:10:49Z INFO PromptManager] ReadValue
[2023-04-13 15:10:49Z INFO Terminal] WRITE: Would you like to run the runner as service? (Y/N) 
[2023-04-13 15:10:49Z INFO Terminal] WRITE: [press Enter for N] 
[2023-04-13 15:10:49Z INFO Terminal] READ LINE
[2023-04-13 15:10:51Z INFO Terminal] Read value: 'y'
[2023-04-13 15:10:51Z INFO ConfigurationManager] Configuring to run the agent as service
[2023-04-13 15:10:51Z INFO CommandSettings] Arg 'windowslogonaccount': ''
[2023-04-13 15:10:51Z INFO CommandSettings] Flag 'unattended': 'False'
[2023-04-13 15:10:51Z INFO PromptManager] ReadValue
[2023-04-13 15:10:51Z INFO Terminal] WRITE: User account to use for the service 
[2023-04-13 15:10:51Z INFO Terminal] WRITE: [press Enter for NT AUTHORITY\NETWORK SERVICE] 
[2023-04-13 15:10:51Z INFO Terminal] READ LINE
[2023-04-13 15:10:54Z INFO Terminal] Read value: ''
[2023-04-13 15:10:54Z INFO PromptManager] Falling back to the default: 'NT AUTHORITY\NETWORK SERVICE'
[2023-04-13 15:10:54Z INFO WindowsServiceControlManager] LogonAccount after transforming: NT AUTHORITY\NETWORK SERVICE, user: NETWORK SERVICE, domain: NT AUTHORITY
[2023-04-13 15:10:54Z INFO WindowsServiceControlManager] Service name 'actions.runner.BanDaobd-BanDaobd.github.io.BanDao' display name 'GitHub Actions Runner (BanDaobd-BanDaobd.github.io.BanDao)' will be used for service configuration.
[2023-04-13 15:10:54Z INFO WindowsServiceControlManager] Verifying if the account has LogonAsService permission
[2023-04-13 15:10:54Z INFO WindowsServiceControlManager] Account: NT AUTHORITY\NETWORK SERVICE already has Logon As Service Privilege.
[2023-04-13 15:10:54Z INFO WindowsServiceControlManager] Create local group and grant folder permission to service logon account.
[2023-04-13 15:10:54Z INFO HostContext] Well known directory 'Bin': 'D:\Blog\blog\actions-runner\bin'
[2023-04-13 15:10:54Z INFO HostContext] Well known directory 'Root': 'D:\Blog\blog\actions-runner'
[2023-04-13 15:10:54Z INFO ConfigurationStore] Read setting file: 299 chars
[2023-04-13 15:10:54Z INFO HostContext] Well known directory 'Bin': 'D:\Blog\blog\actions-runner\bin'
[2023-04-13 15:10:54Z INFO HostContext] Well known directory 'Root': 'D:\Blog\blog\actions-runner'
[2023-04-13 15:10:54Z INFO HostContext] Well known directory 'Work': 'D:\Blog\blog\actions-runner\_work'
[2023-04-13 15:10:54Z INFO HostContext] Well known directory 'Bin': 'D:\Blog\blog\actions-runner\bin'
[2023-04-13 15:10:54Z INFO NativeWindowsServiceHelper] Calculated unique group name GITHUB_ActionsRunner_G6d492
[2023-04-13 15:10:54Z INFO NativeWindowsServiceHelper] Trying to create group GITHUB_ActionsRunner_G6d492
[2023-04-13 15:10:54Z INFO NativeWindowsServiceHelper] Local Group 'GITHUB_ActionsRunner_G6d492' created
[2023-04-13 15:10:54Z INFO NativeWindowsServiceHelper] Trying to add userName NT AUTHORITY\NETWORK SERVICE to the group GITHUB_ActionsRunner_G6d492
[2023-04-13 15:10:54Z INFO NativeWindowsServiceHelper] Account 'NT AUTHORITY\NETWORK SERVICE' is added to local group 'GITHUB_ActionsRunner_G6d492'.
[2023-04-13 15:10:54Z INFO NativeWindowsServiceHelper] Set full access control to group for the folder D:\Blog\blog\actions-runner
[2023-04-13 15:10:54Z INFO NativeWindowsServiceHelper] Set full access control to group for the folder D:\Blog\blog\actions-runner\_work
[2023-04-13 15:10:54Z INFO NativeWindowsServiceHelper] Local group 'GITHUB_ActionsRunner_G6d492' already has full control to path 'D:\Blog\blog\actions-runner\_work'.
[2023-04-13 15:10:54Z INFO Terminal] WRITE LINE: Granting file permissions to 'NT AUTHORITY\NETWORK SERVICE'.
[2023-04-13 15:10:54Z INFO HostContext] Well known directory 'Bin': 'D:\Blog\blog\actions-runner\bin'
[2023-04-13 15:10:54Z INFO ProcessInvokerWrapper] Starting process:
[2023-04-13 15:10:54Z INFO ProcessInvokerWrapper]   File name: '"D:\Blog\blog\actions-runner\bin\RunnerService.exe"'
[2023-04-13 15:10:54Z INFO ProcessInvokerWrapper]   Arguments: 'init'
[2023-04-13 15:10:54Z INFO ProcessInvokerWrapper]   Working directory: ''
[2023-04-13 15:10:54Z INFO ProcessInvokerWrapper]   Require exit code zero: 'True'
[2023-04-13 15:10:54Z INFO ProcessInvokerWrapper]   Encoding web name:  ; code page: ''
[2023-04-13 15:10:54Z INFO ProcessInvokerWrapper]   Force kill process on cancellation: 'False'
[2023-04-13 15:10:54Z INFO ProcessInvokerWrapper]   Redirected STDIN: 'False'
[2023-04-13 15:10:54Z INFO ProcessInvokerWrapper]   Persist current code page: 'False'
[2023-04-13 15:10:54Z INFO ProcessInvokerWrapper]   Keep redirected STDIN open: 'False'
[2023-04-13 15:10:54Z INFO ProcessInvokerWrapper]   High priority process: 'False'
[2023-04-13 15:10:54Z INFO ProcessInvokerWrapper] Process started with process id 20552, waiting for process exit.
[2023-04-13 15:10:54Z INFO ProcessInvokerWrapper] STDOUT/STDERR stream read finished.
[2023-04-13 15:10:54Z INFO ProcessInvokerWrapper] STDOUT/STDERR stream read finished.
[2023-04-13 15:10:54Z INFO ProcessInvokerWrapper] Finished process 20552 with exit code 0, and elapsed time 00:00:00.0288082.
[2023-04-13 15:10:54Z INFO Terminal] WRITE LINE: Service actions.runner.BanDaobd-BanDaobd.github.io.BanDao successfully installed
[2023-04-13 15:10:54Z INFO Terminal] WRITE LINE: Service actions.runner.BanDaobd-BanDaobd.github.io.BanDao successfully set recovery option
[2023-04-13 15:10:54Z INFO Terminal] WRITE LINE: Service actions.runner.BanDaobd-BanDaobd.github.io.BanDao successfully set to delayed auto start
[2023-04-13 15:10:54Z INFO Terminal] WRITE LINE: Service actions.runner.BanDaobd-BanDaobd.github.io.BanDao successfully configured
[2023-04-13 15:10:54Z INFO HostContext] Well known directory 'Bin': 'D:\Blog\blog\actions-runner\bin'
[2023-04-13 15:10:54Z INFO HostContext] Well known directory 'Root': 'D:\Blog\blog\actions-runner'
[2023-04-13 15:10:54Z INFO HostContext] Well known config file 'Service': 'D:\Blog\blog\actions-runner\.service'
[2023-04-13 15:10:54Z INFO WindowsServiceControlManager] Configuration was successful, trying to start the service
[2023-04-13 15:10:54Z INFO Terminal] WRITE LINE: Waiting for service to start...
[2023-04-13 15:10:54Z INFO Terminal] WRITE LINE: Service actions.runner.BanDaobd-BanDaobd.github.io.BanDao started successfully
[2023-04-13 15:10:54Z INFO Listener] Runner execution has finished with return code 0
