[2023-04-13 15:09:23Z INFO HostContext] No proxy settings were found based on environmental variables (http_proxy/https_proxy/HTTP_PROXY/HTTPS_PROXY)
[2023-04-13 15:09:23Z INFO HostContext] Well known directory 'Bin': 'D:\Blog\blog\actions-runner\bin'
[2023-04-13 15:09:23Z INFO HostContext] Well known directory 'Root': 'D:\Blog\blog\actions-runner'
[2023-04-13 15:09:23Z INFO HostContext] Well known config file 'Credentials': 'D:\Blog\blog\actions-runner\.credentials'
[2023-04-13 15:09:23Z INFO HostContext] Well known directory 'Bin': 'D:\Blog\blog\actions-runner\bin'
[2023-04-13 15:09:23Z INFO HostContext] Well known directory 'Root': 'D:\Blog\blog\actions-runner'
[2023-04-13 15:09:23Z INFO HostContext] Well known config file 'Runner': 'D:\Blog\blog\actions-runner\.runner'
[2023-04-13 15:09:23Z INFO Listener] Runner is built for Windows (X64) - win-x64.
[2023-04-13 15:09:23Z INFO Listener] RuntimeInformation: Microsoft Windows 10.0.22621.
[2023-04-13 15:09:23Z INFO Listener] Version: 2.303.0
[2023-04-13 15:09:23Z INFO Listener] Commit: e676c7871817c1b484299cd93fabdf4b95e70741
[2023-04-13 15:09:23Z INFO Listener] Culture: zh-CN
[2023-04-13 15:09:23Z INFO Listener] UI Culture: zh-CN
[2023-04-13 15:09:23Z INFO HostContext] Well known directory 'Bin': 'D:\Blog\blog\actions-runner\bin'
[2023-04-13 15:09:23Z INFO HostContext] Well known directory 'Root': 'D:\Blog\blog\actions-runner'
[2023-04-13 15:09:23Z INFO Listener] Validating directory permissions for: 'D:\Blog\blog\actions-runner'
[2023-04-13 15:09:23Z INFO CommandLineParser] Parse
[2023-04-13 15:09:23Z INFO CommandLineParser] Parsing 1 args
[2023-04-13 15:09:23Z INFO CommandLineParser] parsing argument
[2023-04-13 15:09:23Z INFO CommandLineParser] HasArgs: False
[2023-04-13 15:09:23Z INFO CommandLineParser] Adding Command: remove
[2023-04-13 15:09:23Z INFO Listener] Arguments parsed
[2023-04-13 15:09:23Z INFO Runner] ExecuteCommand
[2023-04-13 15:09:23Z INFO ConfigurationStore] currentAssemblyLocation: D:\Blog\blog\actions-runner\bin\Runner.Listener.dll
[2023-04-13 15:09:23Z INFO HostContext] Well known directory 'Bin': 'D:\Blog\blog\actions-runner\bin'
[2023-04-13 15:09:23Z INFO ConfigurationStore] binPath: D:\Blog\blog\actions-runner\bin
[2023-04-13 15:09:23Z INFO HostContext] Well known directory 'Bin': 'D:\Blog\blog\actions-runner\bin'
[2023-04-13 15:09:23Z INFO HostContext] Well known directory 'Root': 'D:\Blog\blog\actions-runner'
[2023-04-13 15:09:23Z INFO ConfigurationStore] RootFolder: D:\Blog\blog\actions-runner
[2023-04-13 15:09:23Z INFO HostContext] Well known directory 'Bin': 'D:\Blog\blog\actions-runner\bin'
[2023-04-13 15:09:23Z INFO HostContext] Well known directory 'Root': 'D:\Blog\blog\actions-runner'
[2023-04-13 15:09:23Z INFO HostContext] Well known config file 'Runner': 'D:\Blog\blog\actions-runner\.runner'
[2023-04-13 15:09:23Z INFO ConfigurationStore] ConfigFilePath: D:\Blog\blog\actions-runner\.runner
[2023-04-13 15:09:23Z INFO HostContext] Well known directory 'Bin': 'D:\Blog\blog\actions-runner\bin'
[2023-04-13 15:09:23Z INFO HostContext] Well known directory 'Root': 'D:\Blog\blog\actions-runner'
[2023-04-13 15:09:23Z INFO HostContext] Well known config file 'Credentials': 'D:\Blog\blog\actions-runner\.credentials'
[2023-04-13 15:09:23Z INFO ConfigurationStore] CredFilePath: D:\Blog\blog\actions-runner\.credentials
[2023-04-13 15:09:23Z INFO HostContext] Well known directory 'Bin': 'D:\Blog\blog\actions-runner\bin'
[2023-04-13 15:09:23Z INFO HostContext] Well known directory 'Root': 'D:\Blog\blog\actions-runner'
[2023-04-13 15:09:23Z INFO HostContext] Well known config file 'MigratedCredentials': 'D:\Blog\blog\actions-runner\.credentials_migrated'
[2023-04-13 15:09:23Z INFO ConfigurationStore] MigratedCredFilePath: D:\Blog\blog\actions-runner\.credentials_migrated
[2023-04-13 15:09:23Z INFO HostContext] Well known directory 'Bin': 'D:\Blog\blog\actions-runner\bin'
[2023-04-13 15:09:23Z INFO HostContext] Well known directory 'Root': 'D:\Blog\blog\actions-runner'
[2023-04-13 15:09:23Z INFO HostContext] Well known config file 'Service': 'D:\Blog\blog\actions-runner\.service'
[2023-04-13 15:09:23Z INFO ConfigurationStore] ServiceConfigFilePath: D:\Blog\blog\actions-runner\.service
[2023-04-13 15:09:23Z INFO CommandSettings] Flag 'help': 'False'
[2023-04-13 15:09:23Z INFO CommandSettings] Flag 'version': 'False'
[2023-04-13 15:09:23Z INFO CommandSettings] Flag 'commit': 'False'
[2023-04-13 15:09:23Z INFO CommandSettings] Flag 'check': 'False'
[2023-04-13 15:09:23Z INFO CommandSettings] Command 'configure': 'False'
[2023-04-13 15:09:23Z INFO CommandSettings] Command 'remove': 'True'
[2023-04-13 15:09:23Z INFO CommandSettings] Flag 'local': 'False'
[2023-04-13 15:09:23Z INFO ConfigurationStore] IsServiceConfigured()
[2023-04-13 15:09:23Z INFO ConfigurationStore] IsServiceConfigured: True
[2023-04-13 15:09:23Z INFO Terminal] WRITE LINE: Removing service
[2023-04-13 15:09:23Z INFO HostContext] Well known directory 'Bin': 'D:\Blog\blog\actions-runner\bin'
[2023-04-13 15:09:23Z INFO HostContext] Well known directory 'Root': 'D:\Blog\blog\actions-runner'
[2023-04-13 15:09:23Z INFO HostContext] Well known config file 'Service': 'D:\Blog\blog\actions-runner\.service'
[2023-04-13 15:09:23Z INFO NativeWindowsServiceHelper] Trying to stop the service
[2023-04-13 15:09:23Z INFO Terminal] WRITE LINE: Waiting for service to stop...
[2023-04-13 15:09:25Z INFO NativeWindowsServiceHelper] Successfully stopped the service
[2023-04-13 15:09:25Z INFO NativeWindowsServiceHelper] Trying to delete service actions.runner.BanDaobd-BanDaobd.github.io.BanDaobd
[2023-04-13 15:09:25Z INFO NativeWindowsServiceHelper] successfully removed the service
[2023-04-13 15:09:25Z INFO HostContext] Well known directory 'Bin': 'D:\Blog\blog\actions-runner\bin'
[2023-04-13 15:09:25Z INFO HostContext] Well known directory 'Root': 'D:\Blog\blog\actions-runner'
[2023-04-13 15:09:25Z INFO ConfigurationStore] Read setting file: 301 chars
[2023-04-13 15:09:25Z INFO HostContext] Well known directory 'Bin': 'D:\Blog\blog\actions-runner\bin'
[2023-04-13 15:09:25Z INFO HostContext] Well known directory 'Root': 'D:\Blog\blog\actions-runner'
[2023-04-13 15:09:25Z INFO HostContext] Well known directory 'Work': 'D:\Blog\blog\actions-runner\_work'
[2023-04-13 15:09:25Z INFO HostContext] Well known directory 'Bin': 'D:\Blog\blog\actions-runner\bin'
[2023-04-13 15:09:25Z INFO NativeWindowsServiceHelper] Calculated unique group name GITHUB_ActionsRunner_G6d492
[2023-04-13 15:09:25Z INFO NativeWindowsServiceHelper] Remove the group GITHUB_ActionsRunner_G6d492 for the folder D:\Blog\blog\actions-runner.
[2023-04-13 15:09:25Z INFO NativeWindowsServiceHelper] Remove the group GITHUB_ActionsRunner_G6d492 for the folder D:\Blog\blog\actions-runner\_work.
[2023-04-13 15:09:25Z INFO NativeWindowsServiceHelper] Delete the group GITHUB_ActionsRunner_G6d492.
[2023-04-13 15:09:25Z INFO NativeWindowsServiceHelper] Local Group 'GITHUB_ActionsRunner_G6d492' deleted
[2023-04-13 15:09:25Z INFO Terminal] WRITE LINE: 
[2023-04-13 15:09:25Z INFO ConfigurationStore] IsConfigured()
[2023-04-13 15:09:25Z INFO ConfigurationStore] IsConfigured: True
[2023-04-13 15:09:25Z INFO ConfigurationStore] HasCredentials()
[2023-04-13 15:09:25Z INFO ConfigurationStore] stored True
[2023-04-13 15:09:25Z INFO CommandSettings] Arg 'token': ''
[2023-04-13 15:09:25Z INFO CommandSettings] Flag 'unattended': 'False'
[2023-04-13 15:09:25Z INFO PromptManager] ReadValue
[2023-04-13 15:09:25Z INFO Terminal] WRITE: Enter runner remove token: 
[2023-04-13 15:09:25Z INFO Terminal] READ SECRET
[2023-04-13 15:09:53Z INFO Terminal] Read value: '***'
[2023-04-13 15:09:53Z INFO ConfigurationManager] Http response code: OK from 'POST https://api.github.com/actions/runner-registration' (860C:5963:C1EC56:C8D0E8:64381B40)
[2023-04-13 15:09:53Z INFO ConfigurationManager] cred retrieved via GitHub auth
[2023-04-13 15:09:53Z INFO RunnerServer] EstablishVssConnection
[2023-04-13 15:09:53Z INFO RunnerServer] Establish connection with 100 seconds timeout.
[2023-04-13 15:09:53Z INFO GitHubActionsService] Starting operation Location.GetConnectionData
[2023-04-13 15:09:53Z INFO RunnerServer] EstablishVssConnection
[2023-04-13 15:09:53Z INFO RunnerServer] Establish connection with 60 seconds timeout.
[2023-04-13 15:09:53Z INFO GitHubActionsService] Starting operation Location.GetConnectionData
[2023-04-13 15:09:53Z INFO RunnerServer] EstablishVssConnection
[2023-04-13 15:09:53Z INFO RunnerServer] Establish connection with 60 seconds timeout.
[2023-04-13 15:09:53Z INFO GitHubActionsService] Starting operation Location.GetConnectionData
[2023-04-13 15:09:54Z INFO GitHubActionsService] Finished operation Location.GetConnectionData
[2023-04-13 15:09:54Z INFO GitHubActionsService] Finished operation Location.GetConnectionData
[2023-04-13 15:09:55Z INFO GitHubActionsService] Finished operation Location.GetConnectionData
[2023-04-13 15:09:56Z INFO Terminal] WRITE LINE: 
[2023-04-13 15:09:56Z INFO ConfigurationStore] IsConfigured()
[2023-04-13 15:09:56Z INFO ConfigurationStore] IsConfigured: True
[2023-04-13 15:09:56Z INFO ConfigurationStore] HasCredentials()
[2023-04-13 15:09:56Z INFO ConfigurationStore] stored True
[2023-04-13 15:09:56Z INFO HostContext] Well known directory 'Bin': 'D:\Blog\blog\actions-runner\bin'
[2023-04-13 15:09:56Z INFO HostContext] Well known directory 'Root': 'D:\Blog\blog\actions-runner'
[2023-04-13 15:09:56Z INFO HostContext] Well known config file 'RSACredentials': 'D:\Blog\blog\actions-runner\.credentials_rsaparams'
[2023-04-13 15:09:56Z INFO RSAEncryptedFileKeyManager] Deleting RSA key parameters file D:\Blog\blog\actions-runner\.credentials_rsaparams
[2023-04-13 15:09:56Z INFO Terminal] WRITE LINE: 
[2023-04-13 15:09:56Z INFO Listener] Runner execution has finished with return code 0
